Using pre-set license
Built from '2021.1/staging' branch; Version is '2021.1.15f1 (e767a7370072) revision 15165351'; Using compiler version '192528614'; Build Type 'Release'
OS: 'Windows 10 Home Single Language; OS build 22000.675; Version 2009; 64bit' Language: 'en' Physical Memory: 15789 MB
BatchMode: 1, IsHumanControllingUs: 0, StartBugReporterOnCrash: 0, Is64bit: 1, IsPro: 0

 COMMAND LINE ARGUMENTS:
C:\Program Files\Unity\Hub\Editor\2021.1.15f1\Editor\Unity.exe
-adb2
-batchMode
-noUpm
-name
AssetImportWorker1
-projectPath
C:/Users/Narai/Documents/GitHub/Sizzle-RB/Sizzle RB
-logFile
Logs/AssetImportWorker1.log
-srvPort
60059
Successfully changed project path to: C:/Users/Narai/Documents/GitHub/Sizzle-RB/Sizzle RB
C:/Users/Narai/Documents/GitHub/Sizzle-RB/Sizzle RB
Using Asset Import Pipeline V2.
Refreshing native plugins compatible for Editor in 261.51 ms, found 3 plugins.
Preloading 0 native plugins for Editor in 0.00 ms.
Initialize engine version: 2021.1.15f1 (e767a7370072)
[Subsystems] Discovering subsystems at path C:/Program Files/Unity/Hub/Editor/2021.1.15f1/Editor/Data/Resources/UnitySubsystems
[Subsystems] Discovering subsystems at path C:/Users/Narai/Documents/GitHub/Sizzle-RB/Sizzle RB/Assets
GfxDevice: creating device client; threaded=0; jobified=0
Direct3D:
    Version:  Direct3D 11.0 [level 11.1]
    Renderer: NVIDIA GeForce RTX 2060 with Max-Q Design (ID=0x1f12)
    Vendor:   NVIDIA
    VRAM:     5980 MB
    Driver:   30.0.14.9649
Initialize mono
Mono path[0] = 'C:/Program Files/Unity/Hub/Editor/2021.1.15f1/Editor/Data/Managed'
Mono path[1] = 'C:/Program Files/Unity/Hub/Editor/2021.1.15f1/Editor/Data/MonoBleedingEdge/lib/mono/unityjit'
Mono config path = 'C:/Program Files/Unity/Hub/Editor/2021.1.15f1/Editor/Data/MonoBleedingEdge/etc'
Using monoOptions --debugger-agent=transport=dt_socket,embedding=1,server=y,suspend=n,address=127.0.0.1:56064
Begin MonoManager ReloadAssembly
Registering precompiled unity dll's ...
Register platform support module: C:/Program Files/Unity/Hub/Editor/2021.1.15f1/Editor/Data/PlaybackEngines/WebGLSupport/UnityEditor.WebGL.Extensions.dll
Register platform support module: C:/Program Files/Unity/Hub/Editor/2021.1.15f1/Editor/Data/PlaybackEngines/MacStandaloneSupport/UnityEditor.OSXStandalone.Extensions.dll
Register platform support module: C:/Program Files/Unity/Hub/Editor/2021.1.15f1/Editor/Data/PlaybackEngines/WindowsStandaloneSupport/UnityEditor.WindowsStandalone.Extensions.dll
Registered in 0.004598 seconds.
Native extension for WindowsStandalone target not found
Native extension for OSXStandalone target not found
Native extension for WebGL target not found
Refreshing native plugins compatible for Editor in 420.26 ms, found 3 plugins.
Preloading 0 native plugins for Editor in 0.00 ms.
Mono: successfully reloaded assembly
- Completed reload, in  5.758 seconds
Domain Reload Profiling:
	ReloadAssembly (5758ms)
		BeginReloadAssembly (207ms)
			ExecutionOrderSort (0ms)
			DisableScriptedObjects (0ms)
			BackupInstance (0ms)
			ReleaseScriptingObjects (0ms)
			CreateAndSetChildDomain (2ms)
		EndReloadAssembly (2322ms)
			LoadAssemblies (210ms)
			RebuildTransferFunctionScriptingTraits (0ms)
			SetupTypeCache (958ms)
			ReleaseScriptCaches (0ms)
			RebuildScriptCaches (185ms)
			SetupLoadedEditorAssemblies (889ms)
				LogAssemblyErrors (0ms)
				InitializePlatformSupportModulesInManaged (20ms)
				SetLoadedEditorAssemblies (1ms)
				RefreshPlugins (420ms)
				BeforeProcessingInitializeOnLoad (5ms)
				ProcessInitializeOnLoadAttributes (352ms)
				ProcessInitializeOnLoadMethodAttributes (91ms)
				AfterProcessingInitializeOnLoad (0ms)
				EditorAssembliesLoaded (0ms)
			ExecutionOrderSort2 (0ms)
			AwakeInstancesAfterBackupRestoration (0ms)
Platform modules already initialized, skipping
Registering precompiled user dll's ...
Registered in 0.031423 seconds.
Begin MonoManager ReloadAssembly
Symbol file LoadedFromMemory doesn't match image C:\Users\Narai\Documents\GitHub\Sizzle-RB\Sizzle RB\Library\PackageCache\com.unity.visualscripting@1.6.1\Editor\VisualScripting.Core\Dependencies\YamlDotNet\Unity.VisualScripting.YamlDotNet.dll
Symbol file LoadedFromMemory doesn't match image C:\Users\Narai\Documents\GitHub\Sizzle-RB\Sizzle RB\Library\PackageCache\com.unity.visualscripting@1.6.1\Editor\VisualScripting.Core\Dependencies\DotNetZip\Unity.VisualScripting.IonicZip.dll
Native extension for WindowsStandalone target not found
Native extension for OSXStandalone target not found
Native extension for WebGL target not found
Refreshing native plugins compatible for Editor in 376.04 ms, found 3 plugins.
Preloading 0 native plugins for Editor in 0.00 ms.
Mono: successfully reloaded assembly
- Completed reload, in  6.235 seconds
Domain Reload Profiling:
	ReloadAssembly (6238ms)
		BeginReloadAssembly (508ms)
			ExecutionOrderSort (0ms)
			DisableScriptedObjects (15ms)
			BackupInstance (0ms)
			ReleaseScriptingObjects (0ms)
			CreateAndSetChildDomain (63ms)
		EndReloadAssembly (5552ms)
			LoadAssemblies (457ms)
			RebuildTransferFunctionScriptingTraits (0ms)
			SetupTypeCache (1889ms)
			ReleaseScriptCaches (2ms)
			RebuildScriptCaches (252ms)
			SetupLoadedEditorAssemblies (2505ms)
				LogAssemblyErrors (0ms)
				InitializePlatformSupportModulesInManaged (23ms)
				SetLoadedEditorAssemblies (0ms)
				RefreshPlugins (376ms)
				BeforeProcessingInitializeOnLoad (372ms)
				ProcessInitializeOnLoadAttributes (1712ms)
				ProcessInitializeOnLoadMethodAttributes (11ms)
				AfterProcessingInitializeOnLoad (9ms)
				EditorAssembliesLoaded (0ms)
			ExecutionOrderSort2 (0ms)
			AwakeInstancesAfterBackupRestoration (17ms)
Platform modules already initialized, skipping
========================================================================
Worker process is ready to serve import requests
Launched and connected shader compiler UnityShaderCompiler.exe after 0.19 seconds
Refreshing native plugins compatible for Editor in 5.14 ms, found 3 plugins.
Preloading 0 native plugins for Editor in 0.00 ms.
Unloading 4683 Unused Serialized files (Serialized files now loaded: 0)
System memory in use before: 186.7 MB.
System memory in use after: 184.0 MB.

Unloading 62 unused Assets to reduce memory usage. Loaded Objects now: 5091.
Total: 22.245300 ms (FindLiveObjects: 3.746800 ms CreateObjectMapping: 1.481300 ms MarkObjects: 13.708700 ms  DeleteObjects: 3.304300 ms)

AssetImportParameters requested are different than current active one (requested -> active):
  custom:framework-win-MediaFoundation: 216162199b28c13a410421893ffa2e32 -> 
  custom:video-decoder-ogg-theora: a1e56fd34408186e4bbccfd4996cb3dc -> 
  custom:container-muxer-webm: aa71ff27fc2769a1b78a27578f13a17b -> 
  custom:container-demuxer-webm: 4f35f7cbe854078d1ac9338744f61a02 -> 
  custom:container-demuxer-ogg: 62fdf1f143b41e24485cea50d1cbac27 -> 
  custom:video-encoder-webm-vp8: eb34c28f22e8b96e1ab97ce403110664 -> 
  custom:video-codec-MediaFoundation-h265: 746d11721c4dcdbdad8f713fa42b33f4 -> 
  custom:video-decoder-webm-vp8: 9c59270c3fd7afecdb556c50c9e8de78 -> 
  custom:audio-decoder-ogg-vorbis: bf7c407c2cedff20999df2af8eb42d56 -> 
  custom:audio-encoder-webm-vorbis: bf7c407c2cedff20999df2af8eb42d56 -> 
========================================================================
Received Import Request.
  path: Assets/sizzleRig_bodyOnly_V02.fbx
  artifactKey: Guid(c7bc0ce22b612d745a374d868cabd217) Importer(815301076,1909f56bfc062723c751e8b465ee728b)
Start importing Assets/sizzleRig_bodyOnly_V02.fbx using Guid(c7bc0ce22b612d745a374d868cabd217) Importer(815301076,1909f56bfc062723c751e8b465ee728b)  -> (artifact id: 'dfd7a91132fad12bfb75c8b416d08238') in 1.673134 seconds 
========================================================================
Received Prepare
Registering precompiled user dll's ...
Registered in 0.007742 seconds.
Begin MonoManager ReloadAssembly
Symbol file LoadedFromMemory doesn't match image C:\Users\Narai\Documents\GitHub\Sizzle-RB\Sizzle RB\Library\PackageCache\com.unity.visualscripting@1.6.1\Editor\VisualScripting.Core\Dependencies\YamlDotNet\Unity.VisualScripting.YamlDotNet.dll
Symbol file LoadedFromMemory doesn't match image C:\Users\Narai\Documents\GitHub\Sizzle-RB\Sizzle RB\Library\PackageCache\com.unity.visualscripting@1.6.1\Editor\VisualScripting.Core\Dependencies\DotNetZip\Unity.VisualScripting.IonicZip.dll
Native extension for WindowsStandalone target not found
Native extension for OSXStandalone target not found
Native extension for WebGL target not found
Refreshing native plugins compatible for Editor in 1.03 ms, found 3 plugins.
Preloading 0 native plugins for Editor in 0.00 ms.
Mono: successfully reloaded assembly
- Completed reload, in  1.469 seconds
Domain Reload Profiling:
	ReloadAssembly (1469ms)
		BeginReloadAssembly (154ms)
			ExecutionOrderSort (0ms)
			DisableScriptedObjects (6ms)
			BackupInstance (0ms)
			ReleaseScriptingObjects (0ms)
			CreateAndSetChildDomain (58ms)
		EndReloadAssembly (1238ms)
			LoadAssemblies (97ms)
			RebuildTransferFunctionScriptingTraits (0ms)
			SetupTypeCache (438ms)
			ReleaseScriptCaches (2ms)
			RebuildScriptCaches (56ms)
			SetupLoadedEditorAssemblies (491ms)
				LogAssemblyErrors (0ms)
				InitializePlatformSupportModulesInManaged (7ms)
				SetLoadedEditorAssemblies (1ms)
				RefreshPlugins (1ms)
				BeforeProcessingInitializeOnLoad (78ms)
				ProcessInitializeOnLoadAttributes (395ms)
				ProcessInitializeOnLoadMethodAttributes (4ms)
				AfterProcessingInitializeOnLoad (5ms)
				EditorAssembliesLoaded (0ms)
			ExecutionOrderSort2 (0ms)
			AwakeInstancesAfterBackupRestoration (15ms)
Platform modules already initialized, skipping
Refreshing native plugins compatible for Editor in 0.94 ms, found 3 plugins.
Preloading 0 native plugins for Editor in 0.00 ms.
Unloading 4604 Unused Serialized files (Serialized files now loaded: 0)
System memory in use before: 203.0 MB.
System memory in use after: 200.4 MB.

Unloading 57 unused Assets to reduce memory usage. Loaded Objects now: 5176.
Total: 6.384000 ms (FindLiveObjects: 0.609700 ms CreateObjectMapping: 0.633000 ms MarkObjects: 3.738700 ms  DeleteObjects: 1.400400 ms)

AssetImportParameters requested are different than current active one (requested -> active):
  custom:framework-win-MediaFoundation: 216162199b28c13a410421893ffa2e32 -> 
  custom:video-decoder-ogg-theora: a1e56fd34408186e4bbccfd4996cb3dc -> 
  custom:container-muxer-webm: aa71ff27fc2769a1b78a27578f13a17b -> 
  custom:container-demuxer-webm: 4f35f7cbe854078d1ac9338744f61a02 -> 
  custom:container-demuxer-ogg: 62fdf1f143b41e24485cea50d1cbac27 -> 
  custom:video-encoder-webm-vp8: eb34c28f22e8b96e1ab97ce403110664 -> 
  custom:video-codec-MediaFoundation-h265: 746d11721c4dcdbdad8f713fa42b33f4 -> 
  custom:video-decoder-webm-vp8: 9c59270c3fd7afecdb556c50c9e8de78 -> 
  custom:audio-decoder-ogg-vorbis: bf7c407c2cedff20999df2af8eb42d56 -> 
  custom:audio-encoder-webm-vorbis: bf7c407c2cedff20999df2af8eb42d56 -> 
========================================================================
Received Prepare
Registering precompiled user dll's ...
Registered in 0.007349 seconds.
Begin MonoManager ReloadAssembly
Symbol file LoadedFromMemory doesn't match image C:\Users\Narai\Documents\GitHub\Sizzle-RB\Sizzle RB\Library\PackageCache\com.unity.visualscripting@1.6.1\Editor\VisualScripting.Core\Dependencies\YamlDotNet\Unity.VisualScripting.YamlDotNet.dll
Symbol file LoadedFromMemory doesn't match image C:\Users\Narai\Documents\GitHub\Sizzle-RB\Sizzle RB\Library\PackageCache\com.unity.visualscripting@1.6.1\Editor\VisualScripting.Core\Dependencies\DotNetZip\Unity.VisualScripting.IonicZip.dll
Native extension for WindowsStandalone target not found
Native extension for OSXStandalone target not found
Native extension for WebGL target not found
Refreshing native plugins compatible for Editor in 1.59 ms, found 3 plugins.
Preloading 0 native plugins for Editor in 0.00 ms.
Mono: successfully reloaded assembly
- Completed reload, in  1.411 seconds
Domain Reload Profiling:
	ReloadAssembly (1411ms)
		BeginReloadAssembly (120ms)
			ExecutionOrderSort (0ms)
			DisableScriptedObjects (5ms)
			BackupInstance (0ms)
			ReleaseScriptingObjects (0ms)
			CreateAndSetChildDomain (50ms)
		EndReloadAssembly (1233ms)
			LoadAssemblies (97ms)
			RebuildTransferFunctionScriptingTraits (0ms)
			SetupTypeCache (429ms)
			ReleaseScriptCaches (2ms)
			RebuildScriptCaches (57ms)
			SetupLoadedEditorAssemblies (474ms)
				LogAssemblyErrors (0ms)
				InitializePlatformSupportModulesInManaged (7ms)
				SetLoadedEditorAssemblies (0ms)
				RefreshPlugins (2ms)
				BeforeProcessingInitializeOnLoad (72ms)
				ProcessInitializeOnLoadAttributes (383ms)
				ProcessInitializeOnLoadMethodAttributes (4ms)
				AfterProcessingInitializeOnLoad (5ms)
				EditorAssembliesLoaded (0ms)
			ExecutionOrderSort2 (0ms)
			AwakeInstancesAfterBackupRestoration (13ms)
Platform modules already initialized, skipping
Refreshing native plugins compatible for Editor in 1.06 ms, found 3 plugins.
Preloading 0 native plugins for Editor in 0.00 ms.
Unloading 4604 Unused Serialized files (Serialized files now loaded: 0)
System memory in use before: 203.0 MB.
System memory in use after: 200.4 MB.

Unloading 57 unused Assets to reduce memory usage. Loaded Objects now: 5179.
Total: 6.915000 ms (FindLiveObjects: 0.750800 ms CreateObjectMapping: 0.391100 ms MarkObjects: 4.293000 ms  DeleteObjects: 1.477900 ms)

AssetImportParameters requested are different than current active one (requested -> active):
  custom:framework-win-MediaFoundation: 216162199b28c13a410421893ffa2e32 -> 
  custom:video-decoder-ogg-theora: a1e56fd34408186e4bbccfd4996cb3dc -> 
  custom:container-muxer-webm: aa71ff27fc2769a1b78a27578f13a17b -> 
  custom:container-demuxer-webm: 4f35f7cbe854078d1ac9338744f61a02 -> 
  custom:container-demuxer-ogg: 62fdf1f143b41e24485cea50d1cbac27 -> 
  custom:video-encoder-webm-vp8: eb34c28f22e8b96e1ab97ce403110664 -> 
  custom:video-codec-MediaFoundation-h265: 746d11721c4dcdbdad8f713fa42b33f4 -> 
  custom:video-decoder-webm-vp8: 9c59270c3fd7afecdb556c50c9e8de78 -> 
  custom:audio-decoder-ogg-vorbis: bf7c407c2cedff20999df2af8eb42d56 -> 
  custom:audio-encoder-webm-vorbis: bf7c407c2cedff20999df2af8eb42d56 -> 
========================================================================
Received Prepare
Registering precompiled user dll's ...
Registered in 0.006326 seconds.
Begin MonoManager ReloadAssembly
Symbol file LoadedFromMemory doesn't match image C:\Users\Narai\Documents\GitHub\Sizzle-RB\Sizzle RB\Library\PackageCache\com.unity.visualscripting@1.6.1\Editor\VisualScripting.Core\Dependencies\YamlDotNet\Unity.VisualScripting.YamlDotNet.dll
Symbol file LoadedFromMemory doesn't match image C:\Users\Narai\Documents\GitHub\Sizzle-RB\Sizzle RB\Library\PackageCache\com.unity.visualscripting@1.6.1\Editor\VisualScripting.Core\Dependencies\DotNetZip\Unity.VisualScripting.IonicZip.dll
Native extension for WindowsStandalone target not found
Native extension for OSXStandalone target not found
Native extension for WebGL target not found
Refreshing native plugins compatible for Editor in 1.28 ms, found 3 plugins.
Preloading 0 native plugins for Editor in 0.00 ms.
Mono: successfully reloaded assembly
- Completed reload, in  1.215 seconds
Domain Reload Profiling:
	ReloadAssembly (1215ms)
		BeginReloadAssembly (113ms)
			ExecutionOrderSort (0ms)
			DisableScriptedObjects (4ms)
			BackupInstance (0ms)
			ReleaseScriptingObjects (0ms)
			CreateAndSetChildDomain (40ms)
		EndReloadAssembly (1048ms)
			LoadAssemblies (83ms)
			RebuildTransferFunctionScriptingTraits (0ms)
			SetupTypeCache (374ms)
			ReleaseScriptCaches (2ms)
			RebuildScriptCaches (47ms)
			SetupLoadedEditorAssemblies (406ms)
				LogAssemblyErrors (0ms)
				InitializePlatformSupportModulesInManaged (5ms)
				SetLoadedEditorAssemblies (0ms)
				RefreshPlugins (1ms)
				BeforeProcessingInitializeOnLoad (65ms)
				ProcessInitializeOnLoadAttributes (325ms)
				ProcessInitializeOnLoadMethodAttributes (3ms)
				AfterProcessingInitializeOnLoad (5ms)
				EditorAssembliesLoaded (0ms)
			ExecutionOrderSort2 (0ms)
			AwakeInstancesAfterBackupRestoration (11ms)
Platform modules already initialized, skipping
Refreshing native plugins compatible for Editor in 0.89 ms, found 3 plugins.
Preloading 0 native plugins for Editor in 0.00 ms.
Unloading 4604 Unused Serialized files (Serialized files now loaded: 0)
System memory in use before: 203.0 MB.
System memory in use after: 200.4 MB.

Unloading 57 unused Assets to reduce memory usage. Loaded Objects now: 5182.
Total: 5.809500 ms (FindLiveObjects: 0.633100 ms CreateObjectMapping: 0.337100 ms MarkObjects: 3.742900 ms  DeleteObjects: 1.093900 ms)

AssetImportParameters requested are different than current active one (requested -> active):
  custom:framework-win-MediaFoundation: 216162199b28c13a410421893ffa2e32 -> 
  custom:video-decoder-ogg-theora: a1e56fd34408186e4bbccfd4996cb3dc -> 
  custom:container-muxer-webm: aa71ff27fc2769a1b78a27578f13a17b -> 
  custom:container-demuxer-webm: 4f35f7cbe854078d1ac9338744f61a02 -> 
  custom:container-demuxer-ogg: 62fdf1f143b41e24485cea50d1cbac27 -> 
  custom:video-encoder-webm-vp8: eb34c28f22e8b96e1ab97ce403110664 -> 
  custom:video-codec-MediaFoundation-h265: 746d11721c4dcdbdad8f713fa42b33f4 -> 
  custom:video-decoder-webm-vp8: 9c59270c3fd7afecdb556c50c9e8de78 -> 
  custom:audio-decoder-ogg-vorbis: bf7c407c2cedff20999df2af8eb42d56 -> 
  custom:audio-encoder-webm-vorbis: bf7c407c2cedff20999df2af8eb42d56 -> 
========================================================================
Received Import Request.
  Time since last request: 715.246956 seconds.
  path: Assets/Spark Light.prefab
  artifactKey: Guid(3f4afd482f56e79419921137701698a1) Importer(815301076,1909f56bfc062723c751e8b465ee728b)
Start importing Assets/Spark Light.prefab using Guid(3f4afd482f56e79419921137701698a1) Importer(815301076,1909f56bfc062723c751e8b465ee728b)  -> (artifact id: 'cfcbca14bd50c60bc0c91d1c6af81f49') in 0.058075 seconds 
========================================================================
Received Import Request.
  Time since last request: 31.237450 seconds.
  path: Assets/FX/MainSparks.prefab
  artifactKey: Guid(ea78a777aabec0e419c29c1418110701) Importer(815301076,1909f56bfc062723c751e8b465ee728b)
Start importing Assets/FX/MainSparks.prefab using Guid(ea78a777aabec0e419c29c1418110701) Importer(815301076,1909f56bfc062723c751e8b465ee728b)  -> (artifact id: '72444f11ff55a8f29b29e1a177e5a801') in 0.148475 seconds 
========================================================================
Received Prepare
Registering precompiled user dll's ...
Registered in 0.007333 seconds.
Begin MonoManager ReloadAssembly
Symbol file LoadedFromMemory doesn't match image C:\Users\Narai\Documents\GitHub\Sizzle-RB\Sizzle RB\Library\PackageCache\com.unity.visualscripting@1.6.1\Editor\VisualScripting.Core\Dependencies\YamlDotNet\Unity.VisualScripting.YamlDotNet.dll
Symbol file LoadedFromMemory doesn't match image C:\Users\Narai\Documents\GitHub\Sizzle-RB\Sizzle RB\Library\PackageCache\com.unity.visualscripting@1.6.1\Editor\VisualScripting.Core\Dependencies\DotNetZip\Unity.VisualScripting.IonicZip.dll
Native extension for WindowsStandalone target not found
Native extension for OSXStandalone target not found
Native extension for WebGL target not found
Refreshing native plugins compatible for Editor in 0.87 ms, found 3 plugins.
Preloading 0 native plugins for Editor in 0.00 ms.
Mono: successfully reloaded assembly
- Completed reload, in  1.221 seconds
Domain Reload Profiling:
	ReloadAssembly (1221ms)
		BeginReloadAssembly (111ms)
			ExecutionOrderSort (0ms)
			DisableScriptedObjects (5ms)
			BackupInstance (0ms)
			ReleaseScriptingObjects (0ms)
			CreateAndSetChildDomain (41ms)
		EndReloadAssembly (1057ms)
			LoadAssemblies (86ms)
			RebuildTransferFunctionScriptingTraits (0ms)
			SetupTypeCache (368ms)
			ReleaseScriptCaches (2ms)
			RebuildScriptCaches (56ms)
			SetupLoadedEditorAssemblies (409ms)
				LogAssemblyErrors (0ms)
				InitializePlatformSupportModulesInManaged (6ms)
				SetLoadedEditorAssemblies (0ms)
				RefreshPlugins (1ms)
				BeforeProcessingInitializeOnLoad (65ms)
				ProcessInitializeOnLoadAttributes (328ms)
				ProcessInitializeOnLoadMethodAttributes (4ms)
				AfterProcessingInitializeOnLoad (5ms)
				EditorAssembliesLoaded (0ms)
			ExecutionOrderSort2 (0ms)
			AwakeInstancesAfterBackupRestoration (13ms)
Platform modules already initialized, skipping
Refreshing native plugins compatible for Editor in 0.88 ms, found 3 plugins.
Preloading 0 native plugins for Editor in 0.00 ms.
Unloading 4604 Unused Serialized files (Serialized files now loaded: 0)
System memory in use before: 203.3 MB.
System memory in use after: 200.6 MB.

Unloading 57 unused Assets to reduce memory usage. Loaded Objects now: 5222.
Total: 4.694100 ms (FindLiveObjects: 0.492900 ms CreateObjectMapping: 0.216500 ms MarkObjects: 2.908600 ms  DeleteObjects: 1.074300 ms)

AssetImportParameters requested are different than current active one (requested -> active):
  custom:framework-win-MediaFoundation: 216162199b28c13a410421893ffa2e32 -> 
  custom:video-decoder-ogg-theora: a1e56fd34408186e4bbccfd4996cb3dc -> 
  custom:container-muxer-webm: aa71ff27fc2769a1b78a27578f13a17b -> 
  custom:container-demuxer-webm: 4f35f7cbe854078d1ac9338744f61a02 -> 
  custom:container-demuxer-ogg: 62fdf1f143b41e24485cea50d1cbac27 -> 
  custom:video-encoder-webm-vp8: eb34c28f22e8b96e1ab97ce403110664 -> 
  custom:video-codec-MediaFoundation-h265: 746d11721c4dcdbdad8f713fa42b33f4 -> 
  custom:video-decoder-webm-vp8: 9c59270c3fd7afecdb556c50c9e8de78 -> 
  custom:audio-decoder-ogg-vorbis: bf7c407c2cedff20999df2af8eb42d56 -> 
  custom:audio-encoder-webm-vorbis: bf7c407c2cedff20999df2af8eb42d56 -> 
========================================================================
Received Import Request.
  Time since last request: 68.679762 seconds.
  path: Assets/Secondary Light.prefab
  artifactKey: Guid(0cc36450f9004cc4f81b04f1c2edb416) Importer(815301076,1909f56bfc062723c751e8b465ee728b)
Start importing Assets/Secondary Light.prefab using Guid(0cc36450f9004cc4f81b04f1c2edb416) Importer(815301076,1909f56bfc062723c751e8b465ee728b)  -> (artifact id: '420c03ddb45472922140965103b0d017') in 0.052440 seconds 
========================================================================
Received Import Request.
  Time since last request: 56.185123 seconds.
  path: Assets/FX/MainSparks.prefab
  artifactKey: Guid(ea78a777aabec0e419c29c1418110701) Importer(815301076,1909f56bfc062723c751e8b465ee728b)
Start importing Assets/FX/MainSparks.prefab using Guid(ea78a777aabec0e419c29c1418110701) Importer(815301076,1909f56bfc062723c751e8b465ee728b)  -> (artifact id: '986052bf8ab01db135ca97f4128b5978') in 0.119150 seconds 
========================================================================
Received Import Request.
  Time since last request: 33.506555 seconds.
  path: Assets/FX/MainSparks.prefab
  artifactKey: Guid(ea78a777aabec0e419c29c1418110701) Importer(815301076,1909f56bfc062723c751e8b465ee728b)
Start importing Assets/FX/MainSparks.prefab using Guid(ea78a777aabec0e419c29c1418110701) Importer(815301076,1909f56bfc062723c751e8b465ee728b)  -> (artifact id: '18af2b7a9c3d7c9dde229812b66269f7') in 0.011042 seconds 
========================================================================
Received Prepare
Registering precompiled user dll's ...
Registered in 0.006845 seconds.
Begin MonoManager ReloadAssembly
Symbol file LoadedFromMemory doesn't match image C:\Users\Narai\Documents\GitHub\Sizzle-RB\Sizzle RB\Library\PackageCache\com.unity.visualscripting@1.6.1\Editor\VisualScripting.Core\Dependencies\YamlDotNet\Unity.VisualScripting.YamlDotNet.dll
Symbol file LoadedFromMemory doesn't match image C:\Users\Narai\Documents\GitHub\Sizzle-RB\Sizzle RB\Library\PackageCache\com.unity.visualscripting@1.6.1\Editor\VisualScripting.Core\Dependencies\DotNetZip\Unity.VisualScripting.IonicZip.dll
Native extension for WindowsStandalone target not found
Native extension for OSXStandalone target not found
Native extension for WebGL target not found
Refreshing native plugins compatible for Editor in 0.89 ms, found 3 plugins.
Preloading 0 native plugins for Editor in 0.00 ms.
Mono: successfully reloaded assembly
- Completed reload, in  1.297 seconds
Domain Reload Profiling:
	ReloadAssembly (1297ms)
		BeginReloadAssembly (119ms)
			ExecutionOrderSort (0ms)
			DisableScriptedObjects (6ms)
			BackupInstance (0ms)
			ReleaseScriptingObjects (0ms)
			CreateAndSetChildDomain (48ms)
		EndReloadAssembly (1119ms)
			LoadAssemblies (91ms)
			RebuildTransferFunctionScriptingTraits (0ms)
			SetupTypeCache (392ms)
			ReleaseScriptCaches (2ms)
			RebuildScriptCaches (57ms)
			SetupLoadedEditorAssemblies (427ms)
				LogAssemblyErrors (0ms)
				InitializePlatformSupportModulesInManaged (7ms)
				SetLoadedEditorAssemblies (0ms)
				RefreshPlugins (1ms)
				BeforeProcessingInitializeOnLoad (68ms)
				ProcessInitializeOnLoadAttributes (340ms)
				ProcessInitializeOnLoadMethodAttributes (4ms)
				AfterProcessingInitializeOnLoad (6ms)
				EditorAssembliesLoaded (0ms)
			ExecutionOrderSort2 (0ms)
			AwakeInstancesAfterBackupRestoration (19ms)
Platform modules already initialized, skipping
Refreshing native plugins compatible for Editor in 0.84 ms, found 3 plugins.
Preloading 0 native plugins for Editor in 0.00 ms.
Unloading 4604 Unused Serialized files (Serialized files now loaded: 0)
System memory in use before: 203.3 MB.
System memory in use after: 200.7 MB.

Unloading 57 unused Assets to reduce memory usage. Loaded Objects now: 5261.
Total: 4.855900 ms (FindLiveObjects: 0.387000 ms CreateObjectMapping: 0.136100 ms MarkObjects: 3.268800 ms  DeleteObjects: 1.062400 ms)

AssetImportParameters requested are different than current active one (requested -> active):
  custom:framework-win-MediaFoundation: 216162199b28c13a410421893ffa2e32 -> 
  custom:video-decoder-ogg-theora: a1e56fd34408186e4bbccfd4996cb3dc -> 
  custom:container-muxer-webm: aa71ff27fc2769a1b78a27578f13a17b -> 
  custom:container-demuxer-webm: 4f35f7cbe854078d1ac9338744f61a02 -> 
  custom:container-demuxer-ogg: 62fdf1f143b41e24485cea50d1cbac27 -> 
  custom:video-encoder-webm-vp8: eb34c28f22e8b96e1ab97ce403110664 -> 
  custom:video-codec-MediaFoundation-h265: 746d11721c4dcdbdad8f713fa42b33f4 -> 
  custom:video-decoder-webm-vp8: 9c59270c3fd7afecdb556c50c9e8de78 -> 
  custom:audio-decoder-ogg-vorbis: bf7c407c2cedff20999df2af8eb42d56 -> 
  custom:audio-encoder-webm-vorbis: bf7c407c2cedff20999df2af8eb42d56 -> 
========================================================================
Received Import Request.
  Time since last request: 13.967560 seconds.
  path: Assets/FX/MainSparks.prefab
  artifactKey: Guid(ea78a777aabec0e419c29c1418110701) Importer(815301076,1909f56bfc062723c751e8b465ee728b)
Start importing Assets/FX/MainSparks.prefab using Guid(ea78a777aabec0e419c29c1418110701) Importer(815301076,1909f56bfc062723c751e8b465ee728b)  -> (artifact id: '3118d1667d78d04c00114e29581c3f98') in 0.162172 seconds 
========================================================================
Received Prepare
Registering precompiled user dll's ...
Registered in 0.006412 seconds.
Begin MonoManager ReloadAssembly
Symbol file LoadedFromMemory doesn't match image C:\Users\Narai\Documents\GitHub\Sizzle-RB\Sizzle RB\Library\PackageCache\com.unity.visualscripting@1.6.1\Editor\VisualScripting.Core\Dependencies\YamlDotNet\Unity.VisualScripting.YamlDotNet.dll
Symbol file LoadedFromMemory doesn't match image C:\Users\Narai\Documents\GitHub\Sizzle-RB\Sizzle RB\Library\PackageCache\com.unity.visualscripting@1.6.1\Editor\VisualScripting.Core\Dependencies\DotNetZip\Unity.VisualScripting.IonicZip.dll
Native extension for WindowsStandalone target not found
Native extension for OSXStandalone target not found
Native extension for WebGL target not found
Refreshing native plugins compatible for Editor in 0.88 ms, found 3 plugins.
Preloading 0 native plugins for Editor in 0.00 ms.
Mono: successfully reloaded assembly
- Completed reload, in  1.200 seconds
Domain Reload Profiling:
	ReloadAssembly (1201ms)
		BeginReloadAssembly (104ms)
			ExecutionOrderSort (0ms)
			DisableScriptedObjects (5ms)
			BackupInstance (0ms)
			ReleaseScriptingObjects (0ms)
			CreateAndSetChildDomain (40ms)
		EndReloadAssembly (1041ms)
			LoadAssemblies (84ms)
			RebuildTransferFunctionScriptingTraits (0ms)
			SetupTypeCache (359ms)
			ReleaseScriptCaches (2ms)
			RebuildScriptCaches (48ms)
			SetupLoadedEditorAssemblies (412ms)
				LogAssemblyErrors (0ms)
				InitializePlatformSupportModulesInManaged (6ms)
				SetLoadedEditorAssemblies (0ms)
				RefreshPlugins (1ms)
				BeforeProcessingInitializeOnLoad (64ms)
				ProcessInitializeOnLoadAttributes (333ms)
				ProcessInitializeOnLoadMethodAttributes (4ms)
				AfterProcessingInitializeOnLoad (5ms)
				EditorAssembliesLoaded (0ms)
			ExecutionOrderSort2 (0ms)
			AwakeInstancesAfterBackupRestoration (13ms)
Platform modules already initialized, skipping
Refreshing native plugins compatible for Editor in 0.86 ms, found 3 plugins.
Preloading 0 native plugins for Editor in 0.00 ms.
Unloading 4604 Unused Serialized files (Serialized files now loaded: 0)
System memory in use before: 203.3 MB.
System memory in use after: 200.7 MB.

Unloading 57 unused Assets to reduce memory usage. Loaded Objects now: 5300.
Total: 5.810900 ms (FindLiveObjects: 0.619600 ms CreateObjectMapping: 0.258600 ms MarkObjects: 3.691400 ms  DeleteObjects: 1.239200 ms)

AssetImportParameters requested are different than current active one (requested -> active):
  custom:framework-win-MediaFoundation: 216162199b28c13a410421893ffa2e32 -> 
  custom:video-decoder-ogg-theora: a1e56fd34408186e4bbccfd4996cb3dc -> 
  custom:container-muxer-webm: aa71ff27fc2769a1b78a27578f13a17b -> 
  custom:container-demuxer-webm: 4f35f7cbe854078d1ac9338744f61a02 -> 
  custom:container-demuxer-ogg: 62fdf1f143b41e24485cea50d1cbac27 -> 
  custom:video-encoder-webm-vp8: eb34c28f22e8b96e1ab97ce403110664 -> 
  custom:video-codec-MediaFoundation-h265: 746d11721c4dcdbdad8f713fa42b33f4 -> 
  custom:video-decoder-webm-vp8: 9c59270c3fd7afecdb556c50c9e8de78 -> 
  custom:audio-decoder-ogg-vorbis: bf7c407c2cedff20999df2af8eb42d56 -> 
  custom:audio-encoder-webm-vorbis: bf7c407c2cedff20999df2af8eb42d56 -> 
========================================================================
Received Import Request.
  Time since last request: 116.239852 seconds.
  path: Assets/FX/MainSparks.prefab
  artifactKey: Guid(ea78a777aabec0e419c29c1418110701) Importer(815301076,1909f56bfc062723c751e8b465ee728b)
Start importing Assets/FX/MainSparks.prefab using Guid(ea78a777aabec0e419c29c1418110701) Importer(815301076,1909f56bfc062723c751e8b465ee728b)  -> (artifact id: '986922f36498d5fdc5ff57865fb5f474') in 0.159010 seconds 
========================================================================
Received Prepare
Registering precompiled user dll's ...
Registered in 0.006431 seconds.
Begin MonoManager ReloadAssembly
Symbol file LoadedFromMemory doesn't match image C:\Users\Narai\Documents\GitHub\Sizzle-RB\Sizzle RB\Library\PackageCache\com.unity.visualscripting@1.6.1\Editor\VisualScripting.Core\Dependencies\YamlDotNet\Unity.VisualScripting.YamlDotNet.dll
Symbol file LoadedFromMemory doesn't match image C:\Users\Narai\Documents\GitHub\Sizzle-RB\Sizzle RB\Library\PackageCache\com.unity.visualscripting@1.6.1\Editor\VisualScripting.Core\Dependencies\DotNetZip\Unity.VisualScripting.IonicZip.dll
Native extension for WindowsStandalone target not found
Native extension for OSXStandalone target not found
Native extension for WebGL target not found
Refreshing native plugins compatible for Editor in 1.02 ms, found 3 plugins.
Preloading 0 native plugins for Editor in 0.00 ms.
Mono: successfully reloaded assembly
- Completed reload, in  1.260 seconds
Domain Reload Profiling:
	ReloadAssembly (1260ms)
		BeginReloadAssembly (115ms)
			ExecutionOrderSort (0ms)
			DisableScriptedObjects (5ms)
			BackupInstance (0ms)
			ReleaseScriptingObjects (0ms)
			CreateAndSetChildDomain (42ms)
		EndReloadAssembly (1090ms)
			LoadAssemblies (83ms)
			RebuildTransferFunctionScriptingTraits (0ms)
			SetupTypeCache (360ms)
			ReleaseScriptCaches (2ms)
			RebuildScriptCaches (53ms)
			SetupLoadedEditorAssemblies (437ms)
				LogAssemblyErrors (0ms)
				InitializePlatformSupportModulesInManaged (8ms)
				SetLoadedEditorAssemblies (1ms)
				RefreshPlugins (1ms)
				BeforeProcessingInitializeOnLoad (75ms)
				ProcessInitializeOnLoadAttributes (344ms)
				ProcessInitializeOnLoadMethodAttributes (3ms)
				AfterProcessingInitializeOnLoad (4ms)
				EditorAssembliesLoaded (0ms)
			ExecutionOrderSort2 (0ms)
			AwakeInstancesAfterBackupRestoration (15ms)
Platform modules already initialized, skipping
Refreshing native plugins compatible for Editor in 1.16 ms, found 3 plugins.
Preloading 0 native plugins for Editor in 0.00 ms.
Unloading 4604 Unused Serialized files (Serialized files now loaded: 0)
System memory in use before: 203.4 MB.
System memory in use after: 200.8 MB.

Unloading 57 unused Assets to reduce memory usage. Loaded Objects now: 5339.
Total: 5.560000 ms (FindLiveObjects: 0.505300 ms CreateObjectMapping: 0.254200 ms MarkObjects: 3.521200 ms  DeleteObjects: 1.277200 ms)

AssetImportParameters requested are different than current active one (requested -> active):
  custom:framework-win-MediaFoundation: 216162199b28c13a410421893ffa2e32 -> 
  custom:video-decoder-ogg-theora: a1e56fd34408186e4bbccfd4996cb3dc -> 
  custom:container-muxer-webm: aa71ff27fc2769a1b78a27578f13a17b -> 
  custom:container-demuxer-webm: 4f35f7cbe854078d1ac9338744f61a02 -> 
  custom:container-demuxer-ogg: 62fdf1f143b41e24485cea50d1cbac27 -> 
  custom:video-encoder-webm-vp8: eb34c28f22e8b96e1ab97ce403110664 -> 
  custom:video-codec-MediaFoundation-h265: 746d11721c4dcdbdad8f713fa42b33f4 -> 
  custom:video-decoder-webm-vp8: 9c59270c3fd7afecdb556c50c9e8de78 -> 
  custom:audio-decoder-ogg-vorbis: bf7c407c2cedff20999df2af8eb42d56 -> 
  custom:audio-encoder-webm-vorbis: bf7c407c2cedff20999df2af8eb42d56 -> 
========================================================================
Received Import Request.
  Time since last request: 13.461467 seconds.
  path: Assets/FX/MainSparks.prefab
  artifactKey: Guid(ea78a777aabec0e419c29c1418110701) Importer(815301076,1909f56bfc062723c751e8b465ee728b)
Start importing Assets/FX/MainSparks.prefab using Guid(ea78a777aabec0e419c29c1418110701) Importer(815301076,1909f56bfc062723c751e8b465ee728b)  -> (artifact id: '70cd3a22d5a42dcb119779deef4014a6') in 0.177515 seconds 
========================================================================
Received Import Request.
  Time since last request: 22.263937 seconds.
  path: Assets/FX/MainSparks.prefab
  artifactKey: Guid(ea78a777aabec0e419c29c1418110701) Importer(815301076,1909f56bfc062723c751e8b465ee728b)
Start importing Assets/FX/MainSparks.prefab using Guid(ea78a777aabec0e419c29c1418110701) Importer(815301076,1909f56bfc062723c751e8b465ee728b)  -> (artifact id: 'b1e42dd7067a60020bed0326fb03040d') in 0.011201 seconds 
========================================================================
Received Prepare
Registering precompiled user dll's ...
Registered in 0.006221 seconds.
Begin MonoManager ReloadAssembly
Symbol file LoadedFromMemory doesn't match image C:\Users\Narai\Documents\GitHub\Sizzle-RB\Sizzle RB\Library\PackageCache\com.unity.visualscripting@1.6.1\Editor\VisualScripting.Core\Dependencies\YamlDotNet\Unity.VisualScripting.YamlDotNet.dll
Symbol file LoadedFromMemory doesn't match image C:\Users\Narai\Documents\GitHub\Sizzle-RB\Sizzle RB\Library\PackageCache\com.unity.visualscripting@1.6.1\Editor\VisualScripting.Core\Dependencies\DotNetZip\Unity.VisualScripting.IonicZip.dll
Native extension for WindowsStandalone target not found
Native extension for OSXStandalone target not found
Native extension for WebGL target not found
Refreshing native plugins compatible for Editor in 1.01 ms, found 3 plugins.
Preloading 0 native plugins for Editor in 0.00 ms.
Mono: successfully reloaded assembly
- Completed reload, in  1.312 seconds
Domain Reload Profiling:
	ReloadAssembly (1313ms)
		BeginReloadAssembly (124ms)
			ExecutionOrderSort (0ms)
			DisableScriptedObjects (6ms)
			BackupInstance (0ms)
			ReleaseScriptingObjects (0ms)
			CreateAndSetChildDomain (46ms)
		EndReloadAssembly (1133ms)
			LoadAssemblies (89ms)
			RebuildTransferFunctionScriptingTraits (0ms)
			SetupTypeCache (389ms)
			ReleaseScriptCaches (2ms)
			RebuildScriptCaches (52ms)
			SetupLoadedEditorAssemblies (447ms)
				LogAssemblyErrors (0ms)
				InitializePlatformSupportModulesInManaged (7ms)
				SetLoadedEditorAssemblies (0ms)
				RefreshPlugins (1ms)
				BeforeProcessingInitializeOnLoad (69ms)
				ProcessInitializeOnLoadAttributes (360ms)
				ProcessInitializeOnLoadMethodAttributes (4ms)
				AfterProcessingInitializeOnLoad (5ms)
				EditorAssembliesLoaded (0ms)
			ExecutionOrderSort2 (0ms)
			AwakeInstancesAfterBackupRestoration (20ms)
Platform modules already initialized, skipping
Refreshing native plugins compatible for Editor in 0.90 ms, found 3 plugins.
Preloading 0 native plugins for Editor in 0.00 ms.
Unloading 4604 Unused Serialized files (Serialized files now loaded: 0)
System memory in use before: 203.4 MB.
System memory in use after: 200.8 MB.

Unloading 57 unused Assets to reduce memory usage. Loaded Objects now: 5378.
Total: 5.770000 ms (FindLiveObjects: 0.895900 ms CreateObjectMapping: 0.325900 ms MarkObjects: 3.400600 ms  DeleteObjects: 1.144300 ms)

AssetImportParameters requested are different than current active one (requested -> active):
  custom:framework-win-MediaFoundation: 216162199b28c13a410421893ffa2e32 -> 
  custom:video-decoder-ogg-theora: a1e56fd34408186e4bbccfd4996cb3dc -> 
  custom:container-muxer-webm: aa71ff27fc2769a1b78a27578f13a17b -> 
  custom:container-demuxer-webm: 4f35f7cbe854078d1ac9338744f61a02 -> 
  custom:container-demuxer-ogg: 62fdf1f143b41e24485cea50d1cbac27 -> 
  custom:video-encoder-webm-vp8: eb34c28f22e8b96e1ab97ce403110664 -> 
  custom:video-codec-MediaFoundation-h265: 746d11721c4dcdbdad8f713fa42b33f4 -> 
  custom:video-decoder-webm-vp8: 9c59270c3fd7afecdb556c50c9e8de78 -> 
  custom:audio-decoder-ogg-vorbis: bf7c407c2cedff20999df2af8eb42d56 -> 
  custom:audio-encoder-webm-vorbis: bf7c407c2cedff20999df2af8eb42d56 -> 
========================================================================
Received Import Request.
  Time since last request: 38.020876 seconds.
  path: Assets/FX/MainSparks.prefab
  artifactKey: Guid(ea78a777aabec0e419c29c1418110701) Importer(815301076,1909f56bfc062723c751e8b465ee728b)
Start importing Assets/FX/MainSparks.prefab using Guid(ea78a777aabec0e419c29c1418110701) Importer(815301076,1909f56bfc062723c751e8b465ee728b)  -> (artifact id: '540b16d2837ae3e07eb70c8c6099708a') in 0.165463 seconds 
========================================================================
Received Prepare
Registering precompiled user dll's ...
Registered in 0.006045 seconds.
Begin MonoManager ReloadAssembly
Symbol file LoadedFromMemory doesn't match image C:\Users\Narai\Documents\GitHub\Sizzle-RB\Sizzle RB\Library\PackageCache\com.unity.visualscripting@1.6.1\Editor\VisualScripting.Core\Dependencies\YamlDotNet\Unity.VisualScripting.YamlDotNet.dll
Symbol file LoadedFromMemory doesn't match image C:\Users\Narai\Documents\GitHub\Sizzle-RB\Sizzle RB\Library\PackageCache\com.unity.visualscripting@1.6.1\Editor\VisualScripting.Core\Dependencies\DotNetZip\Unity.VisualScripting.IonicZip.dll
Native extension for WindowsStandalone target not found
Native extension for OSXStandalone target not found
Native extension for WebGL target not found
Refreshing native plugins compatible for Editor in 0.99 ms, found 3 plugins.
Preloading 0 native plugins for Editor in 0.00 ms.
Mono: successfully reloaded assembly
- Completed reload, in  1.303 seconds
Domain Reload Profiling:
	ReloadAssembly (1303ms)
		BeginReloadAssembly (127ms)
			ExecutionOrderSort (0ms)
			DisableScriptedObjects (7ms)
			BackupInstance (0ms)
			ReleaseScriptingObjects (0ms)
			CreateAndSetChildDomain (49ms)
		EndReloadAssembly (1117ms)
			LoadAssemblies (95ms)
			RebuildTransferFunctionScriptingTraits (0ms)
			SetupTypeCache (385ms)
			ReleaseScriptCaches (2ms)
			RebuildScriptCaches (49ms)
			SetupLoadedEditorAssemblies (429ms)
				LogAssemblyErrors (0ms)
				InitializePlatformSupportModulesInManaged (7ms)
				SetLoadedEditorAssemblies (0ms)
				RefreshPlugins (1ms)
				BeforeProcessingInitializeOnLoad (71ms)
				ProcessInitializeOnLoadAttributes (342ms)
				ProcessInitializeOnLoadMethodAttributes (3ms)
				AfterProcessingInitializeOnLoad (5ms)
				EditorAssembliesLoaded (0ms)
			ExecutionOrderSort2 (0ms)
			AwakeInstancesAfterBackupRestoration (16ms)
Platform modules already initialized, skipping
Refreshing native plugins compatible for Editor in 1.19 ms, found 3 plugins.
Preloading 0 native plugins for Editor in 0.00 ms.
Unloading 4604 Unused Serialized files (Serialized files now loaded: 0)
System memory in use before: 203.7 MB.
System memory in use after: 201.3 MB.

Unloading 57 unused Assets to reduce memory usage. Loaded Objects now: 5417.
Total: 6.645100 ms (FindLiveObjects: 0.559600 ms CreateObjectMapping: 0.325500 ms MarkObjects: 4.367900 ms  DeleteObjects: 1.390200 ms)

AssetImportParameters requested are different than current active one (requested -> active):
  custom:framework-win-MediaFoundation: 216162199b28c13a410421893ffa2e32 -> 
  custom:video-decoder-ogg-theora: a1e56fd34408186e4bbccfd4996cb3dc -> 
  custom:container-muxer-webm: aa71ff27fc2769a1b78a27578f13a17b -> 
  custom:container-demuxer-webm: 4f35f7cbe854078d1ac9338744f61a02 -> 
  custom:container-demuxer-ogg: 62fdf1f143b41e24485cea50d1cbac27 -> 
  custom:video-encoder-webm-vp8: eb34c28f22e8b96e1ab97ce403110664 -> 
  custom:video-codec-MediaFoundation-h265: 746d11721c4dcdbdad8f713fa42b33f4 -> 
  custom:video-decoder-webm-vp8: 9c59270c3fd7afecdb556c50c9e8de78 -> 
  custom:audio-decoder-ogg-vorbis: bf7c407c2cedff20999df2af8eb42d56 -> 
  custom:audio-encoder-webm-vorbis: bf7c407c2cedff20999df2af8eb42d56 -> 
========================================================================
Received Import Request.
  Time since last request: 193.480389 seconds.
  path: Assets/Scenes/PlayTestScene
  artifactKey: Guid(d0d37a1c560e03548917316d9ca38c25) Importer(815301076,1909f56bfc062723c751e8b465ee728b)
Start importing Assets/Scenes/PlayTestScene using Guid(d0d37a1c560e03548917316d9ca38c25) Importer(815301076,1909f56bfc062723c751e8b465ee728b)  -> (artifact id: 'a77d1d8d5b538d1e13fc6c799ece06c0') in 0.012201 seconds 
========================================================================
Received Import Request.
  Time since last request: 0.796354 seconds.
  path: Assets/Scenes/PlayTestScene/Global Volume Profile.asset
  artifactKey: Guid(1d0c829c115d7fc4cb2e688c13f6af10) Importer(815301076,1909f56bfc062723c751e8b465ee728b)
Start importing Assets/Scenes/PlayTestScene/Global Volume Profile.asset using Guid(1d0c829c115d7fc4cb2e688c13f6af10) Importer(815301076,1909f56bfc062723c751e8b465ee728b)  -> (artifact id: 'a8822fc79ceeee04570c1404a6a8a6db') in 0.033655 seconds 
========================================================================
Received Import Request.
  Time since last request: 0.000260 seconds.
  path: Assets/Scenes/PlayTestScene/Lightmap-3_comp_light.exr
  artifactKey: Guid(3195b733878c4ad419de5661379e9926) Importer(815301076,1909f56bfc062723c751e8b465ee728b)
Start importing Assets/Scenes/PlayTestScene/Lightmap-3_comp_light.exr using Guid(3195b733878c4ad419de5661379e9926) Importer(815301076,1909f56bfc062723c751e8b465ee728b)  -> (artifact id: '9cfd5f1f6d53fc54fbd3030f92af4870') in 0.076873 seconds 
========================================================================
Received Import Request.
  Time since last request: 0.000301 seconds.
  path: Assets/Scenes/PlayTestScene/Lightmap-17_comp_dir.png
  artifactKey: Guid(afefe8219f8dbe04d9878aed3375bf86) Importer(815301076,1909f56bfc062723c751e8b465ee728b)
Start importing Assets/Scenes/PlayTestScene/Lightmap-17_comp_dir.png using Guid(afefe8219f8dbe04d9878aed3375bf86) Importer(815301076,1909f56bfc062723c751e8b465ee728b)  -> (artifact id: 'd24def0c82d1306b7077c8077bd97071') in 0.032928 seconds 
========================================================================
Received Import Request.
  Time since last request: 0.000263 seconds.
  path: Assets/Scenes/PlayTestScene/Lightmap-21_comp_light.exr
  artifactKey: Guid(da69cc2eda714bc4880900389b668ff3) Importer(815301076,1909f56bfc062723c751e8b465ee728b)
Start importing Assets/Scenes/PlayTestScene/Lightmap-21_comp_light.exr using Guid(da69cc2eda714bc4880900389b668ff3) Importer(815301076,1909f56bfc062723c751e8b465ee728b)  -> (artifact id: '2ca211a327097d90b19d49fd8473ff24') in 0.016345 seconds 
========================================================================
Received Import Request.
  Time since last request: 0.000323 seconds.
  path: Assets/Scenes/PlayTestScene/Lightmap-3_comp_dir.png
  artifactKey: Guid(e27c9bdd65fc7594b90dbb73f6cb101b) Importer(815301076,1909f56bfc062723c751e8b465ee728b)
Start importing Assets/Scenes/PlayTestScene/Lightmap-3_comp_dir.png using Guid(e27c9bdd65fc7594b90dbb73f6cb101b) Importer(815301076,1909f56bfc062723c751e8b465ee728b)  -> (artifact id: '62af9da1fbf6ef42558c5de71e0cb46b') in 0.016337 seconds 
========================================================================
Received Import Request.
  Time since last request: 0.000282 seconds.
  path: Assets/Scenes/PlayTestScene/Lightmap-16_comp_light.exr
  artifactKey: Guid(bd69cc759d9a564459a0b7bebf9e9edd) Importer(815301076,1909f56bfc062723c751e8b465ee728b)
Start importing Assets/Scenes/PlayTestScene/Lightmap-16_comp_light.exr using Guid(bd69cc759d9a564459a0b7bebf9e9edd) Importer(815301076,1909f56bfc062723c751e8b465ee728b)  -> (artifact id: '30bba8afa066486b6195d28453cb90bf') in 0.019048 seconds 
========================================================================
Received Import Request.
  Time since last request: 0.000297 seconds.
  path: Assets/Scenes/PlayTestScene/Lightmap-5_comp_light.exr
  artifactKey: Guid(3bfe97a26b045ce4ca6f2e42682e4f28) Importer(815301076,1909f56bfc062723c751e8b465ee728b)
Start importing Assets/Scenes/PlayTestScene/Lightmap-5_comp_light.exr using Guid(3bfe97a26b045ce4ca6f2e42682e4f28) Importer(815301076,1909f56bfc062723c751e8b465ee728b)  -> (artifact id: '999decb94592b32acdcee30093951caf') in 0.015384 seconds 
========================================================================
Received Import Request.
  Time since last request: 0.000309 seconds.
  path: Assets/Scenes/PlayTestScene/Lightmap-8_comp_dir.png
  artifactKey: Guid(5b1479844ebaf344f84f0f65fec10723) Importer(815301076,1909f56bfc062723c751e8b465ee728b)
Start importing Assets/Scenes/PlayTestScene/Lightmap-8_comp_dir.png using Guid(5b1479844ebaf344f84f0f65fec10723) Importer(815301076,1909f56bfc062723c751e8b465ee728b)  -> (artifact id: 'e512c3d70085f49a2906844172390aae') in 0.015091 seconds 
========================================================================
Received Import Request.
  Time since last request: 0.000225 seconds.
  path: Assets/Scenes/PlayTestScene/Lightmap-16_comp_dir.png
  artifactKey: Guid(daef6e1aef24fd84dad26a3ab49e228f) Importer(815301076,1909f56bfc062723c751e8b465ee728b)
Start importing Assets/Scenes/PlayTestScene/Lightmap-16_comp_dir.png using Guid(daef6e1aef24fd84dad26a3ab49e228f) Importer(815301076,1909f56bfc062723c751e8b465ee728b)  -> (artifact id: '7230c93241057b055375a79f7ddcdc91') in 0.015621 seconds 
========================================================================
Received Import Request.
  Time since last request: 0.000266 seconds.
  path: Assets/Scenes/PlayTestScene/Lightmap-1_comp_light.exr
  artifactKey: Guid(5124470929cf59b4bac9d7767fb686ec) Importer(815301076,1909f56bfc062723c751e8b465ee728b)
Start importing Assets/Scenes/PlayTestScene/Lightmap-1_comp_light.exr using Guid(5124470929cf59b4bac9d7767fb686ec) Importer(815301076,1909f56bfc062723c751e8b465ee728b)  -> (artifact id: 'e7a73e2dd996868468fddef0bb16e7ad') in 0.018791 seconds 
========================================================================
Received Import Request.
  Time since last request: 0.000309 seconds.
  path: Assets/Scenes/PlayTestScene/LightingData.asset
  artifactKey: Guid(619da4bf8404ded46b74fc1129430e29) Importer(815301076,1909f56bfc062723c751e8b465ee728b)
Start importing Assets/Scenes/PlayTestScene/LightingData.asset using Guid(619da4bf8404ded46b74fc1129430e29) Importer(815301076,1909f56bfc062723c751e8b465ee728b)  -> (artifact id: '5e17e5edcfd38ee09856d46625725dec') in 0.007308 seconds 
========================================================================
Received Import Request.
  Time since last request: 0.000273 seconds.
  path: Assets/Scenes/PlayTestScene/Lightmap-7_comp_light.exr
  artifactKey: Guid(64be4a56f79440543ac4aaa030f51951) Importer(815301076,1909f56bfc062723c751e8b465ee728b)
Start importing Assets/Scenes/PlayTestScene/Lightmap-7_comp_light.exr using Guid(64be4a56f79440543ac4aaa030f51951) Importer(815301076,1909f56bfc062723c751e8b465ee728b)  -> (artifact id: 'a91342104ebf328a5efbb76a2b903a15') in 0.015251 seconds 
========================================================================
Received Import Request.
  Time since last request: 0.000233 seconds.
  path: Assets/Scenes/PlayTestScene/Lightmap-19_comp_light.exr
  artifactKey: Guid(fd5cad4066f8a8e40b8ace0d198a4b2b) Importer(815301076,1909f56bfc062723c751e8b465ee728b)
Start importing Assets/Scenes/PlayTestScene/Lightmap-19_comp_light.exr using Guid(fd5cad4066f8a8e40b8ace0d198a4b2b) Importer(815301076,1909f56bfc062723c751e8b465ee728b)  -> (artifact id: '0d94b0143e5b4ccee88ebbc0bf2d573e') in 0.016748 seconds 
========================================================================
Received Import Request.
  Time since last request: 0.000308 seconds.
  path: Assets/Scenes/PlayTestScene/Lightmap-20_comp_dir.png
  artifactKey: Guid(d50c762aabb601b4097e07011f6c01d4) Importer(815301076,1909f56bfc062723c751e8b465ee728b)
Start importing Assets/Scenes/PlayTestScene/Lightmap-20_comp_dir.png using Guid(d50c762aabb601b4097e07011f6c01d4) Importer(815301076,1909f56bfc062723c751e8b465ee728b)  -> (artifact id: 'deec3c121dae934263f7fec9392bc22e') in 0.018121 seconds 
========================================================================
Received Import Request.
  Time since last request: 0.000234 seconds.
  path: Assets/Scenes/PlayTestScene/Lightmap-2_comp_light.exr
  artifactKey: Guid(443fd556e31b6b4419fa5a2287c84d97) Importer(815301076,1909f56bfc062723c751e8b465ee728b)
Start importing Assets/Scenes/PlayTestScene/Lightmap-2_comp_light.exr using Guid(443fd556e31b6b4419fa5a2287c84d97) Importer(815301076,1909f56bfc062723c751e8b465ee728b)  -> (artifact id: 'e76e5041dbc17a90f3f44252daf6219c') in 0.015001 seconds 
========================================================================
Received Import Request.
  Time since last request: 0.000258 seconds.
  path: Assets/Scenes/PlayTestScene/Lightmap-14_comp_dir.png
  artifactKey: Guid(eb7edf6dc156e8641a296ed6ce9289b2) Importer(815301076,1909f56bfc062723c751e8b465ee728b)
Start importing Assets/Scenes/PlayTestScene/Lightmap-14_comp_dir.png using Guid(eb7edf6dc156e8641a296ed6ce9289b2) Importer(815301076,1909f56bfc062723c751e8b465ee728b)  -> (artifact id: '3315cb021c56f2a82052f91c64a74eb0') in 0.019702 seconds 
========================================================================
Received Import Request.
  Time since last request: 0.000331 seconds.
  path: Assets/Scenes/PlayTestScene/Lightmap-1_comp_dir.png
  artifactKey: Guid(202f87f133a3e7446924d1a76d542f4e) Importer(815301076,1909f56bfc062723c751e8b465ee728b)
Start importing Assets/Scenes/PlayTestScene/Lightmap-1_comp_dir.png using Guid(202f87f133a3e7446924d1a76d542f4e) Importer(815301076,1909f56bfc062723c751e8b465ee728b)  -> (artifact id: 'bf4564d04f4fd12ede29951e80a04c41') in 0.014912 seconds 
========================================================================
Received Import Request.
  Time since last request: 0.000288 seconds.
  path: Assets/Scenes/PlayTestScene/Lightmap-19_comp_dir.png
  artifactKey: Guid(27d43f8c6bcbef64f8e5913e0e4398cd) Importer(815301076,1909f56bfc062723c751e8b465ee728b)
Start importing Assets/Scenes/PlayTestScene/Lightmap-19_comp_dir.png using Guid(27d43f8c6bcbef64f8e5913e0e4398cd) Importer(815301076,1909f56bfc062723c751e8b465ee728b)  -> (artifact id: '747d543111c29c0146c5e34eaf99fe02') in 0.014439 seconds 
========================================================================
Received Import Request.
  Time since last request: 0.000256 seconds.
  path: Assets/Scenes/PlayTestScene/Lightmap-4_comp_dir.png
  artifactKey: Guid(6a6e65e58a6a9054da3c54fc08291757) Importer(815301076,1909f56bfc062723c751e8b465ee728b)
Start importing Assets/Scenes/PlayTestScene/Lightmap-4_comp_dir.png using Guid(6a6e65e58a6a9054da3c54fc08291757) Importer(815301076,1909f56bfc062723c751e8b465ee728b)  -> (artifact id: 'a49e59f53e0da27397d6c7e636ced935') in 0.016433 seconds 
========================================================================
Received Import Request.
  Time since last request: 0.000339 seconds.
  path: Assets/Scenes/PlayTestScene/Lightmap-9_comp_dir.png
  artifactKey: Guid(c94ec624364eae2429f3a939541eae0f) Importer(815301076,1909f56bfc062723c751e8b465ee728b)
Start importing Assets/Scenes/PlayTestScene/Lightmap-9_comp_dir.png using Guid(c94ec624364eae2429f3a939541eae0f) Importer(815301076,1909f56bfc062723c751e8b465ee728b)  -> (artifact id: 'eba7c12a8658e5469cbb6a02a03ac615') in 0.015377 seconds 
========================================================================
Received Import Request.
  Time since last request: 0.000273 seconds.
  path: Assets/Scenes/PlayTestScene/Lightmap-9_comp_light.exr
  artifactKey: Guid(2dd0ee7c08d001547a64324ff69ea0c4) Importer(815301076,1909f56bfc062723c751e8b465ee728b)
Start importing Assets/Scenes/PlayTestScene/Lightmap-9_comp_light.exr using Guid(2dd0ee7c08d001547a64324ff69ea0c4) Importer(815301076,1909f56bfc062723c751e8b465ee728b)  -> (artifact id: '22ff0c329807c31fc33d637b330e4850') in 0.016084 seconds 
========================================================================
Received Import Request.
  Time since last request: 0.000294 seconds.
  path: Assets/Scenes/PlayTestScene/Lightmap-18_comp_light.exr
  artifactKey: Guid(106b3f3ac382d774db1035a139a01232) Importer(815301076,1909f56bfc062723c751e8b465ee728b)
Start importing Assets/Scenes/PlayTestScene/Lightmap-18_comp_light.exr using Guid(106b3f3ac382d774db1035a139a01232) Importer(815301076,1909f56bfc062723c751e8b465ee728b)  -> (artifact id: 'f86ef8972f7ce1a9f47dbb3492f4b657') in 0.016213 seconds 
========================================================================
Received Import Request.
  Time since last request: 0.000345 seconds.
  path: Assets/Scenes/PlayTestScene/Lightmap-8_comp_light.exr
  artifactKey: Guid(0cfd0a4019ec36a459b1cee967fde479) Importer(815301076,1909f56bfc062723c751e8b465ee728b)
Start importing Assets/Scenes/PlayTestScene/Lightmap-8_comp_light.exr using Guid(0cfd0a4019ec36a459b1cee967fde479) Importer(815301076,1909f56bfc062723c751e8b465ee728b)  -> (artifact id: 'df868bdbf7d296ce8bf2dd1235d823cd') in 0.016555 seconds 
========================================================================
Received Import Request.
  Time since last request: 0.000266 seconds.
  path: Assets/Scenes/PlayTestScene/Lightmap-6_comp_dir.png
  artifactKey: Guid(08cea219950be8c4d896cc8f483f01bc) Importer(815301076,1909f56bfc062723c751e8b465ee728b)
Start importing Assets/Scenes/PlayTestScene/Lightmap-6_comp_dir.png using Guid(08cea219950be8c4d896cc8f483f01bc) Importer(815301076,1909f56bfc062723c751e8b465ee728b)  -> (artifact id: '2887443f6ab71c3b5747b0cee29bd7f1') in 0.016351 seconds 
========================================================================
Received Import Request.
  Time since last request: 0.000234 seconds.
  path: Assets/Scenes/PlayTestScene/Lightmap-5_comp_dir.png
  artifactKey: Guid(4da5d836b873cd04d80d9a0163e6606b) Importer(815301076,1909f56bfc062723c751e8b465ee728b)
Start importing Assets/Scenes/PlayTestScene/Lightmap-5_comp_dir.png using Guid(4da5d836b873cd04d80d9a0163e6606b) Importer(815301076,1909f56bfc062723c751e8b465ee728b)  -> (artifact id: '41684ca49701a1c4e03287defb39f4c4') in 0.015538 seconds 
========================================================================
Received Import Request.
  Time since last request: 0.000275 seconds.
  path: Assets/Scenes/PlayTestScene/Lightmap-15_comp_dir.png
  artifactKey: Guid(55beb2637ebf63245bcd521ec9f25b16) Importer(815301076,1909f56bfc062723c751e8b465ee728b)
Start importing Assets/Scenes/PlayTestScene/Lightmap-15_comp_dir.png using Guid(55beb2637ebf63245bcd521ec9f25b16) Importer(815301076,1909f56bfc062723c751e8b465ee728b)  -> (artifact id: 'f362dc49ba2bd0d00bb687f7949abfe4') in 0.018100 seconds 
========================================================================
Received Import Request.
  Time since last request: 0.000272 seconds.
  path: Assets/Scenes/PlayTestScene/Lightmap-0_comp_dir.png
  artifactKey: Guid(be43cee9e2486c642a18d9157b15ea66) Importer(815301076,1909f56bfc062723c751e8b465ee728b)
Start importing Assets/Scenes/PlayTestScene/Lightmap-0_comp_dir.png using Guid(be43cee9e2486c642a18d9157b15ea66) Importer(815301076,1909f56bfc062723c751e8b465ee728b)  -> (artifact id: '4bca1e566ad2a467155c939c4f528ed7') in 0.015106 seconds 
========================================================================
Received Import Request.
  Time since last request: 0.000246 seconds.
  path: Assets/Scenes/PlayTestScene/Lightmap-12_comp_dir.png
  artifactKey: Guid(d07b124d53660d049842db6558c96d9a) Importer(815301076,1909f56bfc062723c751e8b465ee728b)
Start importing Assets/Scenes/PlayTestScene/Lightmap-12_comp_dir.png using Guid(d07b124d53660d049842db6558c96d9a) Importer(815301076,1909f56bfc062723c751e8b465ee728b)  -> (artifact id: 'c784a07362d876a1615d2f35abc82b1e') in 0.017133 seconds 
========================================================================
Received Import Request.
  Time since last request: 0.000246 seconds.
  path: Assets/Scenes/PlayTestScene/Lightmap-10_comp_dir.png
  artifactKey: Guid(ab9d111bc2822e44bab87e04022b71f2) Importer(815301076,1909f56bfc062723c751e8b465ee728b)
Start importing Assets/Scenes/PlayTestScene/Lightmap-10_comp_dir.png using Guid(ab9d111bc2822e44bab87e04022b71f2) Importer(815301076,1909f56bfc062723c751e8b465ee728b)  -> (artifact id: '4a15851d0e889cc247f456a799d70d24') in 0.016584 seconds 
========================================================================
Received Import Request.
  Time since last request: 0.000280 seconds.
  path: Assets/Scenes/PlayTestScene/Lightmap-22_comp_dir.png
  artifactKey: Guid(0893d545482deb146be25ba65755b838) Importer(815301076,1909f56bfc062723c751e8b465ee728b)
Start importing Assets/Scenes/PlayTestScene/Lightmap-22_comp_dir.png using Guid(0893d545482deb146be25ba65755b838) Importer(815301076,1909f56bfc062723c751e8b465ee728b)  -> (artifact id: '061b4fb05a18f246231f871672b8f339') in 0.014136 seconds 
========================================================================
Received Import Request.
  Time since last request: 0.000219 seconds.
  path: Assets/Scenes/PlayTestScene/Lightmap-10_comp_light.exr
  artifactKey: Guid(9bd7f1ef73232724fa54e9e0aa22cbf6) Importer(815301076,1909f56bfc062723c751e8b465ee728b)
Start importing Assets/Scenes/PlayTestScene/Lightmap-10_comp_light.exr using Guid(9bd7f1ef73232724fa54e9e0aa22cbf6) Importer(815301076,1909f56bfc062723c751e8b465ee728b)  -> (artifact id: '27f841e13afe5efbb542768cea25eb02') in 0.017601 seconds 
========================================================================
Received Import Request.
  Time since last request: 0.000275 seconds.
  path: Assets/Scenes/PlayTestScene/Lightmap-23_comp_dir.png
  artifactKey: Guid(89a7413aa7340974b961c0f9f2e68bc1) Importer(815301076,1909f56bfc062723c751e8b465ee728b)
Start importing Assets/Scenes/PlayTestScene/Lightmap-23_comp_dir.png using Guid(89a7413aa7340974b961c0f9f2e68bc1) Importer(815301076,1909f56bfc062723c751e8b465ee728b)  -> (artifact id: 'abf153693d591f5721ca8bd0399f4b6d') in 0.016398 seconds 
========================================================================
Received Import Request.
  Time since last request: 0.000295 seconds.
  path: Assets/Scenes/PlayTestScene/Lightmap-13_comp_light.exr
  artifactKey: Guid(d0014d594b99984408ffad9bc7d68b8b) Importer(815301076,1909f56bfc062723c751e8b465ee728b)
Start importing Assets/Scenes/PlayTestScene/Lightmap-13_comp_light.exr using Guid(d0014d594b99984408ffad9bc7d68b8b) Importer(815301076,1909f56bfc062723c751e8b465ee728b)  -> (artifact id: 'de1c8a020424370606be6d636334ba6a') in 0.018168 seconds 
========================================================================
Received Import Request.
  Time since last request: 0.000222 seconds.
  path: Assets/Scenes/PlayTestScene/Lightmap-17_comp_light.exr
  artifactKey: Guid(11eab13cca634ac4683fa1fcf6c4dbab) Importer(815301076,1909f56bfc062723c751e8b465ee728b)
Start importing Assets/Scenes/PlayTestScene/Lightmap-17_comp_light.exr using Guid(11eab13cca634ac4683fa1fcf6c4dbab) Importer(815301076,1909f56bfc062723c751e8b465ee728b)  -> (artifact id: 'b3b4c54d5a577f897fe92dc7c9b3b7c2') in 0.017415 seconds 
========================================================================
Received Import Request.
  Time since last request: 0.000211 seconds.
  path: Assets/Scenes/PlayTestScene/Lightmap-7_comp_dir.png
  artifactKey: Guid(ec8715672144cd04c9227267b36e49f1) Importer(815301076,1909f56bfc062723c751e8b465ee728b)
Start importing Assets/Scenes/PlayTestScene/Lightmap-7_comp_dir.png using Guid(ec8715672144cd04c9227267b36e49f1) Importer(815301076,1909f56bfc062723c751e8b465ee728b)  -> (artifact id: '0184b0dd512a35026c4aef231a5807bb') in 0.016622 seconds 
========================================================================
Received Import Request.
  Time since last request: 0.000229 seconds.
  path: Assets/Scenes/PlayTestScene/Lightmap-13_comp_dir.png
  artifactKey: Guid(1ae09df306ddcd846b5c5b2ca74aa8f8) Importer(815301076,1909f56bfc062723c751e8b465ee728b)
Start importing Assets/Scenes/PlayTestScene/Lightmap-13_comp_dir.png using Guid(1ae09df306ddcd846b5c5b2ca74aa8f8) Importer(815301076,1909f56bfc062723c751e8b465ee728b)  -> (artifact id: '47cd8c6ca3b084ea8349f4aaade7a707') in 0.018279 seconds 
========================================================================
Received Import Request.
  Time since last request: 0.000238 seconds.
  path: Assets/Scenes/PlayTestScene/Lightmap-11_comp_dir.png
  artifactKey: Guid(4fd1d48259dac8043b31346988077ca4) Importer(815301076,1909f56bfc062723c751e8b465ee728b)
Start importing Assets/Scenes/PlayTestScene/Lightmap-11_comp_dir.png using Guid(4fd1d48259dac8043b31346988077ca4) Importer(815301076,1909f56bfc062723c751e8b465ee728b)  -> (artifact id: 'e8cd29d9ef99fb31841930927458d9e3') in 0.019367 seconds 
========================================================================
Received Import Request.
  Time since last request: 0.000291 seconds.
  path: Assets/Scenes/PlayTestScene/Lightmap-0_comp_light.exr
  artifactKey: Guid(babbd4b54e038594282a96fa51129427) Importer(815301076,1909f56bfc062723c751e8b465ee728b)
Start importing Assets/Scenes/PlayTestScene/Lightmap-0_comp_light.exr using Guid(babbd4b54e038594282a96fa51129427) Importer(815301076,1909f56bfc062723c751e8b465ee728b)  -> (artifact id: '875b8375fde7ba13ec5add397b9fd94b') in 0.016355 seconds 
========================================================================
Received Import Request.
  Time since last request: 0.000305 seconds.
  path: Assets/Scenes/PlayTestScene/Lightmap-2_comp_dir.png
  artifactKey: Guid(234368a2f23ae554d944213cb3759d6e) Importer(815301076,1909f56bfc062723c751e8b465ee728b)
Start importing Assets/Scenes/PlayTestScene/Lightmap-2_comp_dir.png using Guid(234368a2f23ae554d944213cb3759d6e) Importer(815301076,1909f56bfc062723c751e8b465ee728b)  -> (artifact id: '90c5b1afb260007b9cc8be62a45ab86c') in 0.015888 seconds 
========================================================================
Received Import Request.
  Time since last request: 0.000210 seconds.
  path: Assets/Scenes/PlayTestScene/Lightmap-18_comp_dir.png
  artifactKey: Guid(a6bab4d470e60da4686526323502813f) Importer(815301076,1909f56bfc062723c751e8b465ee728b)
Start importing Assets/Scenes/PlayTestScene/Lightmap-18_comp_dir.png using Guid(a6bab4d470e60da4686526323502813f) Importer(815301076,1909f56bfc062723c751e8b465ee728b)  -> (artifact id: 'd770f211432d1c9cf9fc76fb1d38a9d3') in 0.017490 seconds 
========================================================================
Received Import Request.
  Time since last request: 0.000253 seconds.
  path: Assets/Scenes/PlayTestScene/Lightmap-4_comp_light.exr
  artifactKey: Guid(9b8b4f32dbcd03b40802159aeb865826) Importer(815301076,1909f56bfc062723c751e8b465ee728b)
Start importing Assets/Scenes/PlayTestScene/Lightmap-4_comp_light.exr using Guid(9b8b4f32dbcd03b40802159aeb865826) Importer(815301076,1909f56bfc062723c751e8b465ee728b)  -> (artifact id: '238269e6ebe07c4a16c09270ea63f425') in 0.016023 seconds 
========================================================================
Received Import Request.
  Time since last request: 0.000284 seconds.
  path: Assets/Scenes/PlayTestScene/Lightmap-22_comp_light.exr
  artifactKey: Guid(c68cdbeac24d3c14a982df3e7ba588d3) Importer(815301076,1909f56bfc062723c751e8b465ee728b)
Start importing Assets/Scenes/PlayTestScene/Lightmap-22_comp_light.exr using Guid(c68cdbeac24d3c14a982df3e7ba588d3) Importer(815301076,1909f56bfc062723c751e8b465ee728b)  -> (artifact id: '17c474aa80c981144ed5aee4f35f5686') in 0.014371 seconds 
========================================================================
Received Import Request.
  Time since last request: 0.000286 seconds.
  path: Assets/Scenes/PlayTestScene/Lightmap-6_comp_light.exr
  artifactKey: Guid(6381878777538ac49b927ec58a074b77) Importer(815301076,1909f56bfc062723c751e8b465ee728b)
Start importing Assets/Scenes/PlayTestScene/Lightmap-6_comp_light.exr using Guid(6381878777538ac49b927ec58a074b77) Importer(815301076,1909f56bfc062723c751e8b465ee728b)  -> (artifact id: 'b641f170e189c4c5d2c78590886f4e2e') in 0.017150 seconds 
========================================================================
Received Import Request.
  Time since last request: 0.000228 seconds.
  path: Assets/Scenes/PlayTestScene/Lightmap-12_comp_light.exr
  artifactKey: Guid(88d87c4436f30cb4fbbe975091496282) Importer(815301076,1909f56bfc062723c751e8b465ee728b)
Start importing Assets/Scenes/PlayTestScene/Lightmap-12_comp_light.exr using Guid(88d87c4436f30cb4fbbe975091496282) Importer(815301076,1909f56bfc062723c751e8b465ee728b)  -> (artifact id: 'af2bbcc958457c307bd9a165f84c4c29') in 0.015608 seconds 
========================================================================
Received Import Request.
  Time since last request: 0.000238 seconds.
  path: Assets/Scenes/PlayTestScene/Lightmap-15_comp_light.exr
  artifactKey: Guid(091dcbfe02a944e4fbe452074c2df9bf) Importer(815301076,1909f56bfc062723c751e8b465ee728b)
Start importing Assets/Scenes/PlayTestScene/Lightmap-15_comp_light.exr using Guid(091dcbfe02a944e4fbe452074c2df9bf) Importer(815301076,1909f56bfc062723c751e8b465ee728b)  -> (artifact id: '730b00c72cfe8b5c7074208c8b893ea6') in 0.014228 seconds 
========================================================================
Received Import Request.
  Time since last request: 0.000236 seconds.
  path: Assets/Scenes/PlayTestScene/Lightmap-20_comp_light.exr
  artifactKey: Guid(61f4a132220c21d4b9da8b815415ce2d) Importer(815301076,1909f56bfc062723c751e8b465ee728b)
Start importing Assets/Scenes/PlayTestScene/Lightmap-20_comp_light.exr using Guid(61f4a132220c21d4b9da8b815415ce2d) Importer(815301076,1909f56bfc062723c751e8b465ee728b)  -> (artifact id: 'eb2d3a7472368fda4c11df74d43fe22d') in 0.015171 seconds 
========================================================================
Received Import Request.
  Time since last request: 0.000307 seconds.
  path: Assets/Scenes/PlayTestScene/Lightmap-21_comp_dir.png
  artifactKey: Guid(ac589e9d2da4b164386983a5cad0013e) Importer(815301076,1909f56bfc062723c751e8b465ee728b)
Start importing Assets/Scenes/PlayTestScene/Lightmap-21_comp_dir.png using Guid(ac589e9d2da4b164386983a5cad0013e) Importer(815301076,1909f56bfc062723c751e8b465ee728b)  -> (artifact id: 'c7d493705c85c35305e1fa7a969911a0') in 0.015315 seconds 
========================================================================
Received Import Request.
  Time since last request: 0.000309 seconds.
  path: Assets/Scenes/PlayTestScene/Lightmap-11_comp_light.exr
  artifactKey: Guid(2e566b9a7d9f343429492894ffd61e75) Importer(815301076,1909f56bfc062723c751e8b465ee728b)
Start importing Assets/Scenes/PlayTestScene/Lightmap-11_comp_light.exr using Guid(2e566b9a7d9f343429492894ffd61e75) Importer(815301076,1909f56bfc062723c751e8b465ee728b)  -> (artifact id: '1abd3637b51b6ba3ab90e81ab44afbba') in 0.015318 seconds 
========================================================================
Received Import Request.
  Time since last request: 0.000249 seconds.
  path: Assets/Scenes/PlayTestScene/Lightmap-14_comp_light.exr
  artifactKey: Guid(d35f74956064a084d877efa5bca83ed7) Importer(815301076,1909f56bfc062723c751e8b465ee728b)
Start importing Assets/Scenes/PlayTestScene/Lightmap-14_comp_light.exr using Guid(d35f74956064a084d877efa5bca83ed7) Importer(815301076,1909f56bfc062723c751e8b465ee728b)  -> (artifact id: 'c487a6c7f1ee729fb8a0c55320fe9b38') in 0.013848 seconds 
========================================================================
Received Import Request.
  Time since last request: 8.701480 seconds.
  path: Assets/Testing/PuzzleTools/Green.mat
  artifactKey: Guid(e115ab3c671d1d24dafb592cb16b29d4) Importer(815301076,1909f56bfc062723c751e8b465ee728b)
Start importing Assets/Testing/PuzzleTools/Green.mat using Guid(e115ab3c671d1d24dafb592cb16b29d4) Importer(815301076,1909f56bfc062723c751e8b465ee728b)  -> (artifact id: '386ecd3e935d7808fd08c989635c310e') in 0.126487 seconds 
========================================================================
Received Import Request.
  Time since last request: 1.536210 seconds.
  path: Assets/Testing/PuzzleTools/PuzzleTesting.unity
  artifactKey: Guid(dae92459a5457c94eb138d9583f4e212) Importer(815301076,1909f56bfc062723c751e8b465ee728b)
Start importing Assets/Testing/PuzzleTools/PuzzleTesting.unity using Guid(dae92459a5457c94eb138d9583f4e212) Importer(815301076,1909f56bfc062723c751e8b465ee728b)  -> (artifact id: '320fc9cd5ee49372690dca37e1b1dd61') in 0.008303 seconds 
========================================================================
Received Import Request.
  Time since last request: 185.097105 seconds.
  path: Assets/Testing/WeaverBody/FullSkeletonTest.unity
  artifactKey: Guid(c8d3a08975f6df3409c4955f43560bdc) Importer(815301076,1909f56bfc062723c751e8b465ee728b)
Start importing Assets/Testing/WeaverBody/FullSkeletonTest.unity using Guid(c8d3a08975f6df3409c4955f43560bdc) Importer(815301076,1909f56bfc062723c751e8b465ee728b)  -> (artifact id: 'dca656c7f5860c6ab0eba5741c7b668f') in 0.007738 seconds 
========================================================================
Received Prepare
Registering precompiled user dll's ...
Registered in 0.006371 seconds.
Begin MonoManager ReloadAssembly
Symbol file LoadedFromMemory doesn't match image C:\Users\Narai\Documents\GitHub\Sizzle-RB\Sizzle RB\Library\PackageCache\com.unity.visualscripting@1.6.1\Editor\VisualScripting.Core\Dependencies\YamlDotNet\Unity.VisualScripting.YamlDotNet.dll
Symbol file LoadedFromMemory doesn't match image C:\Users\Narai\Documents\GitHub\Sizzle-RB\Sizzle RB\Library\PackageCache\com.unity.visualscripting@1.6.1\Editor\VisualScripting.Core\Dependencies\DotNetZip\Unity.VisualScripting.IonicZip.dll
Native extension for WindowsStandalone target not found
Native extension for OSXStandalone target not found
Native extension for WebGL target not found
Refreshing native plugins compatible for Editor in 0.89 ms, found 3 plugins.
Preloading 0 native plugins for Editor in 0.00 ms.
Mono: successfully reloaded assembly
- Completed reload, in  1.436 seconds
Domain Reload Profiling:
	ReloadAssembly (1436ms)
		BeginReloadAssembly (140ms)
			ExecutionOrderSort (0ms)
			DisableScriptedObjects (8ms)
			BackupInstance (0ms)
			ReleaseScriptingObjects (0ms)
			CreateAndSetChildDomain (68ms)
		EndReloadAssembly (1231ms)
			LoadAssemblies (92ms)
			RebuildTransferFunctionScriptingTraits (0ms)
			SetupTypeCache (415ms)
			ReleaseScriptCaches (2ms)
			RebuildScriptCaches (59ms)
			SetupLoadedEditorAssemblies (420ms)
				LogAssemblyErrors (0ms)
				InitializePlatformSupportModulesInManaged (6ms)
				SetLoadedEditorAssemblies (0ms)
				RefreshPlugins (1ms)
				BeforeProcessingInitializeOnLoad (64ms)
				ProcessInitializeOnLoadAttributes (339ms)
				ProcessInitializeOnLoadMethodAttributes (4ms)
				AfterProcessingInitializeOnLoad (5ms)
				EditorAssembliesLoaded (0ms)
			ExecutionOrderSort2 (0ms)
			AwakeInstancesAfterBackupRestoration (33ms)
Platform modules already initialized, skipping
Refreshing native plugins compatible for Editor in 1.07 ms, found 3 plugins.
Preloading 0 native plugins for Editor in 0.00 ms.
Unloading 4651 Unused Serialized files (Serialized files now loaded: 0)
System memory in use before: 287.2 MB.
System memory in use after: 284.8 MB.

Unloading 57 unused Assets to reduce memory usage. Loaded Objects now: 6165.
Total: 5.915000 ms (FindLiveObjects: 0.642400 ms CreateObjectMapping: 0.266700 ms MarkObjects: 3.817900 ms  DeleteObjects: 1.185100 ms)

AssetImportParameters requested are different than current active one (requested -> active):
  custom:framework-win-MediaFoundation: 216162199b28c13a410421893ffa2e32 -> 
  custom:video-decoder-ogg-theora: a1e56fd34408186e4bbccfd4996cb3dc -> 
  custom:container-muxer-webm: aa71ff27fc2769a1b78a27578f13a17b -> 
  custom:container-demuxer-webm: 4f35f7cbe854078d1ac9338744f61a02 -> 
  custom:container-demuxer-ogg: 62fdf1f143b41e24485cea50d1cbac27 -> 
  custom:video-encoder-webm-vp8: eb34c28f22e8b96e1ab97ce403110664 -> 
  custom:video-codec-MediaFoundation-h265: 746d11721c4dcdbdad8f713fa42b33f4 -> 
  custom:video-decoder-webm-vp8: 9c59270c3fd7afecdb556c50c9e8de78 -> 
  custom:audio-decoder-ogg-vorbis: bf7c407c2cedff20999df2af8eb42d56 -> 
  custom:audio-encoder-webm-vorbis: bf7c407c2cedff20999df2af8eb42d56 -> 
========================================================================
Received Prepare
Registering precompiled user dll's ...
Registered in 0.006509 seconds.
Begin MonoManager ReloadAssembly
Symbol file LoadedFromMemory doesn't match image C:\Users\Narai\Documents\GitHub\Sizzle-RB\Sizzle RB\Library\PackageCache\com.unity.visualscripting@1.6.1\Editor\VisualScripting.Core\Dependencies\YamlDotNet\Unity.VisualScripting.YamlDotNet.dll
Symbol file LoadedFromMemory doesn't match image C:\Users\Narai\Documents\GitHub\Sizzle-RB\Sizzle RB\Library\PackageCache\com.unity.visualscripting@1.6.1\Editor\VisualScripting.Core\Dependencies\DotNetZip\Unity.VisualScripting.IonicZip.dll
Native extension for WindowsStandalone target not found
Native extension for OSXStandalone target not found
Native extension for WebGL target not found
Refreshing native plugins compatible for Editor in 0.91 ms, found 3 plugins.
Preloading 0 native plugins for Editor in 0.00 ms.
Mono: successfully reloaded assembly
- Completed reload, in  1.401 seconds
Domain Reload Profiling:
	ReloadAssembly (1402ms)
		BeginReloadAssembly (153ms)
			ExecutionOrderSort (0ms)
			DisableScriptedObjects (16ms)
			BackupInstance (0ms)
			ReleaseScriptingObjects (0ms)
			CreateAndSetChildDomain (65ms)
		EndReloadAssembly (1182ms)
			LoadAssemblies (104ms)
			RebuildTransferFunctionScriptingTraits (0ms)
			SetupTypeCache (383ms)
			ReleaseScriptCaches (2ms)
			RebuildScriptCaches (48ms)
			SetupLoadedEditorAssemblies (480ms)
				LogAssemblyErrors (0ms)
				InitializePlatformSupportModulesInManaged (6ms)
				SetLoadedEditorAssemblies (0ms)
				RefreshPlugins (1ms)
				BeforeProcessingInitializeOnLoad (65ms)
				ProcessInitializeOnLoadAttributes (397ms)
				ProcessInitializeOnLoadMethodAttributes (5ms)
				AfterProcessingInitializeOnLoad (5ms)
				EditorAssembliesLoaded (0ms)
			ExecutionOrderSort2 (0ms)
			AwakeInstancesAfterBackupRestoration (29ms)
Platform modules already initialized, skipping
Refreshing native plugins compatible for Editor in 0.91 ms, found 3 plugins.
Preloading 0 native plugins for Editor in 0.00 ms.
Unloading 4604 Unused Serialized files (Serialized files now loaded: 0)
System memory in use before: 285.7 MB.
System memory in use after: 283.3 MB.

Unloading 57 unused Assets to reduce memory usage. Loaded Objects now: 6168.
Total: 7.947300 ms (FindLiveObjects: 0.739200 ms CreateObjectMapping: 0.577300 ms MarkObjects: 5.097300 ms  DeleteObjects: 1.531400 ms)

AssetImportParameters requested are different than current active one (requested -> active):
  custom:framework-win-MediaFoundation: 216162199b28c13a410421893ffa2e32 -> 
  custom:video-decoder-ogg-theora: a1e56fd34408186e4bbccfd4996cb3dc -> 
  custom:container-muxer-webm: aa71ff27fc2769a1b78a27578f13a17b -> 
  custom:container-demuxer-webm: 4f35f7cbe854078d1ac9338744f61a02 -> 
  custom:container-demuxer-ogg: 62fdf1f143b41e24485cea50d1cbac27 -> 
  custom:video-encoder-webm-vp8: eb34c28f22e8b96e1ab97ce403110664 -> 
  custom:video-codec-MediaFoundation-h265: 746d11721c4dcdbdad8f713fa42b33f4 -> 
  custom:video-decoder-webm-vp8: 9c59270c3fd7afecdb556c50c9e8de78 -> 
  custom:audio-decoder-ogg-vorbis: bf7c407c2cedff20999df2af8eb42d56 -> 
  custom:audio-encoder-webm-vorbis: bf7c407c2cedff20999df2af8eb42d56 -> 
========================================================================
Received Prepare
Registering precompiled user dll's ...
Registered in 0.007849 seconds.
Begin MonoManager ReloadAssembly
Symbol file LoadedFromMemory doesn't match image C:\Users\Narai\Documents\GitHub\Sizzle-RB\Sizzle RB\Library\PackageCache\com.unity.visualscripting@1.6.1\Editor\VisualScripting.Core\Dependencies\YamlDotNet\Unity.VisualScripting.YamlDotNet.dll
Symbol file LoadedFromMemory doesn't match image C:\Users\Narai\Documents\GitHub\Sizzle-RB\Sizzle RB\Library\PackageCache\com.unity.visualscripting@1.6.1\Editor\VisualScripting.Core\Dependencies\DotNetZip\Unity.VisualScripting.IonicZip.dll
Native extension for WindowsStandalone target not found
Native extension for OSXStandalone target not found
Native extension for WebGL target not found
Refreshing native plugins compatible for Editor in 0.95 ms, found 3 plugins.
Preloading 0 native plugins for Editor in 0.00 ms.
Mono: successfully reloaded assembly
- Completed reload, in  1.490 seconds
Domain Reload Profiling:
	ReloadAssembly (1490ms)
		BeginReloadAssembly (131ms)
			ExecutionOrderSort (0ms)
			DisableScriptedObjects (10ms)
			BackupInstance (0ms)
			ReleaseScriptingObjects (0ms)
			CreateAndSetChildDomain (48ms)
		EndReloadAssembly (1297ms)
			LoadAssemblies (103ms)
			RebuildTransferFunctionScriptingTraits (0ms)
			SetupTypeCache (465ms)
			ReleaseScriptCaches (2ms)
			RebuildScriptCaches (55ms)
			SetupLoadedEditorAssemblies (493ms)
				LogAssemblyErrors (0ms)
				InitializePlatformSupportModulesInManaged (8ms)
				SetLoadedEditorAssemblies (1ms)
				RefreshPlugins (1ms)
				BeforeProcessingInitializeOnLoad (73ms)
				ProcessInitializeOnLoadAttributes (400ms)
				ProcessInitializeOnLoadMethodAttributes (4ms)
				AfterProcessingInitializeOnLoad (6ms)
				EditorAssembliesLoaded (0ms)
			ExecutionOrderSort2 (0ms)
			AwakeInstancesAfterBackupRestoration (37ms)
Platform modules already initialized, skipping
Refreshing native plugins compatible for Editor in 0.97 ms, found 3 plugins.
Preloading 0 native plugins for Editor in 0.00 ms.
Unloading 4604 Unused Serialized files (Serialized files now loaded: 0)
System memory in use before: 285.6 MB.
System memory in use after: 283.2 MB.

Unloading 57 unused Assets to reduce memory usage. Loaded Objects now: 6171.
Total: 6.366300 ms (FindLiveObjects: 0.581300 ms CreateObjectMapping: 0.325000 ms MarkObjects: 4.244400 ms  DeleteObjects: 1.213800 ms)

AssetImportParameters requested are different than current active one (requested -> active):
  custom:framework-win-MediaFoundation: 216162199b28c13a410421893ffa2e32 -> 
  custom:video-decoder-ogg-theora: a1e56fd34408186e4bbccfd4996cb3dc -> 
  custom:container-muxer-webm: aa71ff27fc2769a1b78a27578f13a17b -> 
  custom:container-demuxer-webm: 4f35f7cbe854078d1ac9338744f61a02 -> 
  custom:container-demuxer-ogg: 62fdf1f143b41e24485cea50d1cbac27 -> 
  custom:video-encoder-webm-vp8: eb34c28f22e8b96e1ab97ce403110664 -> 
  custom:video-codec-MediaFoundation-h265: 746d11721c4dcdbdad8f713fa42b33f4 -> 
  custom:video-decoder-webm-vp8: 9c59270c3fd7afecdb556c50c9e8de78 -> 
  custom:audio-decoder-ogg-vorbis: bf7c407c2cedff20999df2af8eb42d56 -> 
  custom:audio-encoder-webm-vorbis: bf7c407c2cedff20999df2af8eb42d56 -> 
========================================================================
Received Prepare
Registering precompiled user dll's ...
Registered in 0.006404 seconds.
Begin MonoManager ReloadAssembly
Symbol file LoadedFromMemory doesn't match image C:\Users\Narai\Documents\GitHub\Sizzle-RB\Sizzle RB\Library\PackageCache\com.unity.visualscripting@1.6.1\Editor\VisualScripting.Core\Dependencies\YamlDotNet\Unity.VisualScripting.YamlDotNet.dll
Symbol file LoadedFromMemory doesn't match image C:\Users\Narai\Documents\GitHub\Sizzle-RB\Sizzle RB\Library\PackageCache\com.unity.visualscripting@1.6.1\Editor\VisualScripting.Core\Dependencies\DotNetZip\Unity.VisualScripting.IonicZip.dll
Native extension for WindowsStandalone target not found
Native extension for OSXStandalone target not found
Native extension for WebGL target not found
Refreshing native plugins compatible for Editor in 1.05 ms, found 3 plugins.
Preloading 0 native plugins for Editor in 0.00 ms.
Mono: successfully reloaded assembly
- Completed reload, in  1.354 seconds
Domain Reload Profiling:
	ReloadAssembly (1355ms)
		BeginReloadAssembly (128ms)
			ExecutionOrderSort (0ms)
			DisableScriptedObjects (11ms)
			BackupInstance (0ms)
			ReleaseScriptingObjects (0ms)
			CreateAndSetChildDomain (42ms)
		EndReloadAssembly (1172ms)
			LoadAssemblies (79ms)
			RebuildTransferFunctionScriptingTraits (0ms)
			SetupTypeCache (402ms)
			ReleaseScriptCaches (2ms)
			RebuildScriptCaches (50ms)
			SetupLoadedEditorAssemblies (471ms)
				LogAssemblyErrors (0ms)
				InitializePlatformSupportModulesInManaged (7ms)
				SetLoadedEditorAssemblies (0ms)
				RefreshPlugins (1ms)
				BeforeProcessingInitializeOnLoad (77ms)
				ProcessInitializeOnLoadAttributes (377ms)
				ProcessInitializeOnLoadMethodAttributes (4ms)
				AfterProcessingInitializeOnLoad (5ms)
				EditorAssembliesLoaded (0ms)
			ExecutionOrderSort2 (0ms)
			AwakeInstancesAfterBackupRestoration (28ms)
Platform modules already initialized, skipping
Refreshing native plugins compatible for Editor in 1.02 ms, found 3 plugins.
Preloading 0 native plugins for Editor in 0.00 ms.
Unloading 4604 Unused Serialized files (Serialized files now loaded: 0)
System memory in use before: 285.6 MB.
System memory in use after: 283.2 MB.

Unloading 57 unused Assets to reduce memory usage. Loaded Objects now: 6174.
Total: 7.489200 ms (FindLiveObjects: 0.631900 ms CreateObjectMapping: 0.305900 ms MarkObjects: 5.054400 ms  DeleteObjects: 1.495300 ms)

AssetImportParameters requested are different than current active one (requested -> active):
  custom:framework-win-MediaFoundation: 216162199b28c13a410421893ffa2e32 -> 
  custom:video-decoder-ogg-theora: a1e56fd34408186e4bbccfd4996cb3dc -> 
  custom:container-muxer-webm: aa71ff27fc2769a1b78a27578f13a17b -> 
  custom:container-demuxer-webm: 4f35f7cbe854078d1ac9338744f61a02 -> 
  custom:container-demuxer-ogg: 62fdf1f143b41e24485cea50d1cbac27 -> 
  custom:video-encoder-webm-vp8: eb34c28f22e8b96e1ab97ce403110664 -> 
  custom:video-codec-MediaFoundation-h265: 746d11721c4dcdbdad8f713fa42b33f4 -> 
  custom:video-decoder-webm-vp8: 9c59270c3fd7afecdb556c50c9e8de78 -> 
  custom:audio-decoder-ogg-vorbis: bf7c407c2cedff20999df2af8eb42d56 -> 
  custom:audio-encoder-webm-vorbis: bf7c407c2cedff20999df2af8eb42d56 -> 
========================================================================
Received Prepare
Registering precompiled user dll's ...
Registered in 0.009054 seconds.
Begin MonoManager ReloadAssembly
Symbol file LoadedFromMemory doesn't match image C:\Users\Narai\Documents\GitHub\Sizzle-RB\Sizzle RB\Library\PackageCache\com.unity.visualscripting@1.6.1\Editor\VisualScripting.Core\Dependencies\YamlDotNet\Unity.VisualScripting.YamlDotNet.dll
Symbol file LoadedFromMemory doesn't match image C:\Users\Narai\Documents\GitHub\Sizzle-RB\Sizzle RB\Library\PackageCache\com.unity.visualscripting@1.6.1\Editor\VisualScripting.Core\Dependencies\DotNetZip\Unity.VisualScripting.IonicZip.dll
Native extension for WindowsStandalone target not found
Native extension for OSXStandalone target not found
Native extension for WebGL target not found
Refreshing native plugins compatible for Editor in 1.00 ms, found 3 plugins.
Preloading 0 native plugins for Editor in 0.00 ms.
Mono: successfully reloaded assembly
- Completed reload, in  1.458 seconds
Domain Reload Profiling:
	ReloadAssembly (1458ms)
		BeginReloadAssembly (230ms)
			ExecutionOrderSort (0ms)
			DisableScriptedObjects (28ms)
			BackupInstance (0ms)
			ReleaseScriptingObjects (0ms)
			CreateAndSetChildDomain (112ms)
		EndReloadAssembly (1166ms)
			LoadAssemblies (113ms)
			RebuildTransferFunctionScriptingTraits (0ms)
			SetupTypeCache (387ms)
			ReleaseScriptCaches (2ms)
			RebuildScriptCaches (52ms)
			SetupLoadedEditorAssemblies (454ms)
				LogAssemblyErrors (0ms)
				InitializePlatformSupportModulesInManaged (6ms)
				SetLoadedEditorAssemblies (0ms)
				RefreshPlugins (1ms)
				BeforeProcessingInitializeOnLoad (67ms)
				ProcessInitializeOnLoadAttributes (369ms)
				ProcessInitializeOnLoadMethodAttributes (3ms)
				AfterProcessingInitializeOnLoad (6ms)
				EditorAssembliesLoaded (0ms)
			ExecutionOrderSort2 (0ms)
			AwakeInstancesAfterBackupRestoration (30ms)
Platform modules already initialized, skipping
Refreshing native plugins compatible for Editor in 0.90 ms, found 3 plugins.
Preloading 0 native plugins for Editor in 0.00 ms.
Unloading 4604 Unused Serialized files (Serialized files now loaded: 0)
System memory in use before: 285.8 MB.
System memory in use after: 283.3 MB.

Unloading 57 unused Assets to reduce memory usage. Loaded Objects now: 6177.
Total: 6.095700 ms (FindLiveObjects: 0.542300 ms CreateObjectMapping: 0.229300 ms MarkObjects: 4.054000 ms  DeleteObjects: 1.268000 ms)

AssetImportParameters requested are different than current active one (requested -> active):
  custom:framework-win-MediaFoundation: 216162199b28c13a410421893ffa2e32 -> 
  custom:video-decoder-ogg-theora: a1e56fd34408186e4bbccfd4996cb3dc -> 
  custom:container-muxer-webm: aa71ff27fc2769a1b78a27578f13a17b -> 
  custom:container-demuxer-webm: 4f35f7cbe854078d1ac9338744f61a02 -> 
  custom:container-demuxer-ogg: 62fdf1f143b41e24485cea50d1cbac27 -> 
  custom:video-encoder-webm-vp8: eb34c28f22e8b96e1ab97ce403110664 -> 
  custom:video-codec-MediaFoundation-h265: 746d11721c4dcdbdad8f713fa42b33f4 -> 
  custom:video-decoder-webm-vp8: 9c59270c3fd7afecdb556c50c9e8de78 -> 
  custom:audio-decoder-ogg-vorbis: bf7c407c2cedff20999df2af8eb42d56 -> 
  custom:audio-encoder-webm-vorbis: bf7c407c2cedff20999df2af8eb42d56 -> 
AssetImportWorkerClient::OnTransportError - code=2 error=End of file
